#
# A fatal error has been detected by the Java Runtime Environment:
#
#  SIGSEGV (0xb) at pc=0x00007fff349ffc68, pid=5669, tid=128771
#
# JRE version: OpenJDK Runtime Environment (13.0+33) (build 13+33)
# Java VM: OpenJDK 64-Bit Server VM (13+33, mixed mode, sharing, tiered, compressed oops, g1 gc, bsd-amd64)
# Problematic frame:
# C  [AppleIntelSKLGraphicsGLDriver+0x15c68]  _Z18updateBindingTableI31SGfx3dStateBindingTablePointersEvP10GenContextjRT_+0x516
#
# No core dump will be written. Core dumps have been disabled. To enable core dumping, try "ulimit -c unlimited" before starting Java again
#
# If you would like to submit a bug report, please visit:
#   http://bugreport.java.com/bugreport/crash.jsp
# The crash happened outside the Java Virtual Machine in native code.
# See problematic frame for where to report the bug.
#

---------------  S U M M A R Y ------------

Command Line: -Dfile.encoding=UTF-8 -Duser.country=BR -Duser.language=pt -Duser.variant com.mygdx.game.desktop.DesktopLauncher

Host: MacBookPro13,2 x86_64 2900 MHz, 4 cores, 8G, Darwin 18.7.0
Time: Thu Sep 19 10:28:27 2019 -03 elapsed time: 8 seconds (0d 0h 0m 8s)

---------------  T H R E A D  ---------------

Current thread (0x00007ff795194000):  JavaThread "LWJGL Application" [_thread_in_native, id=128771, stack(0x00007000049b9000,0x0000700004ab9000)]

Stack: [0x00007000049b9000,0x0000700004ab9000],  sp=0x0000700004ab7ed0,  free space=1019k
Native frames: (J=compiled Java code, A=aot compiled Java code, j=interpreted, Vv=VM code, C=native code)
C  [AppleIntelSKLGraphicsGLDriver+0x15c68]  _Z18updateBindingTableI31SGfx3dStateBindingTablePointersEvP10GenContextjRT_+0x516
C  [AppleIntelSKLGraphicsGLDriver+0x130b1]  _ZN10GenContext15ProgramPipelineEv+0x4267
C  [AppleIntelSKLGraphicsGLDriver+0x1faf1c]  glrIntelBeginPrimitiveBuffer+0xa2
C  [GLEngine+0x11eca2]  gleBeginPrimitiveTCLFunc+0x48
C  [GLEngine+0xc55e6]  glDrawElements_IMM_Exec+0x290
J 922  org.lwjgl.opengl.GL11.nglDrawElements(IIIJJ)V (0 bytes) @ 0x000000011bd8637b [0x000000011bd862a0+0x00000000000000db]
J 883 c1 org.lwjgl.opengl.GL11.glDrawElements(ILjava/nio/ShortBuffer;)V (38 bytes) @ 0x00000001149a17bc [0x00000001149a0fe0+0x00000000000007dc]
J 904 c1 com.badlogic.gdx.backends.lwjgl.LwjglGL20.glDrawElements(IIILjava/nio/Buffer;)V (124 bytes) @ 0x00000001149ab0b4 [0x00000001149aa0a0+0x0000000000001014]
J 861 c1 com.badlogic.gdx.graphics.Mesh.render(Lcom/badlogic/gdx/graphics/glutils/ShaderProgram;IIIZ)V (341 bytes) @ 0x0000000114991574 [0x0000000114990ec0+0x00000000000006b4]
J 817 c1 com.badlogic.gdx.graphics.g2d.SpriteBatch.flush()V (193 bytes) @ 0x000000011497cddc [0x000000011497b220+0x0000000000001bbc]
J 788 c2 com.badlogic.gdx.maps.tiled.renderers.OrthogonalTiledMapRenderer.renderTileLayer(Lcom/badlogic/gdx/maps/tiled/TiledMapTileLayer;)V (991 bytes) @ 0x000000011bd7e274 [0x000000011bd7db40+0x0000000000000734]
J 998 c2 com.badlogic.gdx.maps.tiled.renderers.BatchTiledMapRenderer.renderMapLayer(Lcom/badlogic/gdx/maps/MapLayer;)V (108 bytes) @ 0x000000011bd8c2f8 [0x000000011bd8c2a0+0x0000000000000058]
J 921 c1 com.badlogic.gdx.maps.tiled.renderers.BatchTiledMapRenderer.render()V (47 bytes) @ 0x00000001149b38fc [0x00000001149b3260+0x000000000000069c]
j  com.mygdx.game.TiledMapBench.render()V+50
j  com.badlogic.gdx.backends.lwjgl.LwjglApplication.mainLoop()V+770
j  com.badlogic.gdx.backends.lwjgl.LwjglApplication$1.run()V+27
v  ~StubRoutines::call_stub
V  [libjvm.dylib+0x39911b]  _ZN9JavaCalls11call_helperEP9JavaValueRK12methodHandleP17JavaCallArgumentsP6Thread+0x285
V  [libjvm.dylib+0x398525]  _ZN9JavaCalls12call_virtualEP9JavaValueP5KlassP6SymbolS5_P17JavaCallArgumentsP6Thread+0xe7
V  [libjvm.dylib+0x3985e2]  _ZN9JavaCalls12call_virtualEP9JavaValue6HandleP5KlassP6SymbolS6_P6Thread+0x62
V  [libjvm.dylib+0x419524]  _ZL12thread_entryP10JavaThreadP6Thread+0x78
V  [libjvm.dylib+0x72feb0]  _ZN10JavaThread17thread_main_innerEv+0x86
V  [libjvm.dylib+0x72fcee]  _ZN10JavaThread3runEv+0x124
V  [libjvm.dylib+0x72db0d]  _ZN6Thread8call_runEv+0x71
V  [libjvm.dylib+0x626445]  _ZL19thread_native_entryP6Thread+0x132
C  [libsystem_pthread.dylib+0x32eb]  _pthread_body+0x7e
C  [libsystem_pthread.dylib+0x6249]  _pthread_start+0x42
C  [libsystem_pthread.dylib+0x240d]  thread_start+0xd

Java frames: (J=compiled Java code, j=interpreted, Vv=VM code)
J 922  org.lwjgl.opengl.GL11.nglDrawElements(IIIJJ)V (0 bytes) @ 0x000000011bd862fe [0x000000011bd862a0+0x000000000000005e]
J 883 c1 org.lwjgl.opengl.GL11.glDrawElements(ILjava/nio/ShortBuffer;)V (38 bytes) @ 0x00000001149a17bc [0x00000001149a0fe0+0x00000000000007dc]
J 904 c1 com.badlogic.gdx.backends.lwjgl.LwjglGL20.glDrawElements(IIILjava/nio/Buffer;)V (124 bytes) @ 0x00000001149ab0b4 [0x00000001149aa0a0+0x0000000000001014]
J 861 c1 com.badlogic.gdx.graphics.Mesh.render(Lcom/badlogic/gdx/graphics/glutils/ShaderProgram;IIIZ)V (341 bytes) @ 0x0000000114991574 [0x0000000114990ec0+0x00000000000006b4]
J 817 c1 com.badlogic.gdx.graphics.g2d.SpriteBatch.flush()V (193 bytes) @ 0x000000011497cddc [0x000000011497b220+0x0000000000001bbc]
J 788 c2 com.badlogic.gdx.maps.tiled.renderers.OrthogonalTiledMapRenderer.renderTileLayer(Lcom/badlogic/gdx/maps/tiled/TiledMapTileLayer;)V (991 bytes) @ 0x000000011bd7e274 [0x000000011bd7db40+0x0000000000000734]
J 998 c2 com.badlogic.gdx.maps.tiled.renderers.BatchTiledMapRenderer.renderMapLayer(Lcom/badlogic/gdx/maps/MapLayer;)V (108 bytes) @ 0x000000011bd8c2f8 [0x000000011bd8c2a0+0x0000000000000058]
J 921 c1 com.badlogic.gdx.maps.tiled.renderers.BatchTiledMapRenderer.render()V (47 bytes) @ 0x00000001149b38fc [0x00000001149b3260+0x000000000000069c]
j  com.mygdx.game.TiledMapBench.render()V+50
j  com.badlogic.gdx.backends.lwjgl.LwjglApplication.mainLoop()V+770
j  com.badlogic.gdx.backends.lwjgl.LwjglApplication$1.run()V+27
v  ~StubRoutines::call_stub

siginfo: si_signo: 11 (SIGSEGV), si_code: 1 (SEGV_MAPERR), si_addr: 0x0000000000000008

Register to memory mapping:

RAX=0x0000000000000001 is an unknown value
RBX=0x000000010ba66000 points into unknown readable memory: 28 73 e3 94 ff 7f 00 00
RCX=0x0000000000000001 is an unknown value
RDX=0x0 is NULL
RSP=0x0000700004ab7ed0 is pointing into the stack for thread: 0x00007ff795194000
RBP=0x0000700004ab7fa0 is pointing into the stack for thread: 0x00007ff795194000
RSI=0x0 is NULL
RDI=0x0 is NULL
R8 =0x000000010ba672b0 points into unknown readable memory: 00 00 00 00 00 00 00 00
R9 =0x00007ff796d4cb80 points into unknown readable memory: 00 60 a6 0b 01 00 00 00
R10=0x0000000000000001 is an unknown value
R11=0x0 is NULL
R12=0x0000000000000001 is an unknown value
R13=0x0 is NULL
R14=0x00007ff796d4d280 points into unknown readable memory: c0 07 92 9d ff 7f 00 00
R15=0x0 is NULL


Registers:
RAX=0x0000000000000001, RBX=0x000000010ba66000, RCX=0x0000000000000001, RDX=0x0000000000000000
RSP=0x0000700004ab7ed0, RBP=0x0000700004ab7fa0, RSI=0x0000000000000000, RDI=0x0000000000000000
R8 =0x000000010ba672b0, R9 =0x00007ff796d4cb80, R10=0x0000000000000001, R11=0x0000000000000000
R12=0x0000000000000001, R13=0x0000000000000000, R14=0x00007ff796d4d280, R15=0x0000000000000000
RIP=0x00007fff349ffc68, EFLAGS=0x0000000000010202, ERR=0x0000000000000004
  TRAPNO=0x000000000000000e

Top of Stack: (sp=0x0000700004ab7ed0)
0x0000700004ab7ed0:   0000700004ab7f58 000000010ba6d1c8
0x0000700004ab7ee0:   0000000000077da8 000000000000897c
0x0000700004ab7ef0:   0000000040000000 0000000000000000
0x0000700004ab7f00:   00007ff796c664c0 00000000000000e8
0x0000700004ab7f10:   00007ff796d4d280 00007fff349fe180
0x0000700004ab7f20:   00007ff796d4d280 000000010ba66000
0x0000700004ab7f30:   0000700000010000 00007fff00000101
0x0000700004ab7f40:   00007ff796d4cb80 0000000000000001
0x0000700004ab7f50:   0000000000000000 0000000000002ba0
0x0000700004ab7f60:   000000010ba672b0 0000000000000000
0x0000700004ab7f70:   0000000100000004 0000000000000004
0x0000700004ab7f80:   000000010ba672b0 000000010ba6d1c8
0x0000700004ab7f90:   00007fff35699a40 60fe7f1c7ffff3ff
0x0000700004ab7fa0:   0000700004ab8100 00007fff349fd0b1
0x0000700004ab7fb0:   0000000004ab8020 000000010ba66000
0x0000700004ab7fc0:   000000010ba705e0 0000000000000000
0x0000700004ab7fd0:   0000000000000008 0000000000000000
0x0000700004ab7fe0:   00007ff796d4e901 00007ff7952e2a01
0x0000700004ab7ff0:   40de7d1c7f1c7300 0000000000000001
0x0000700004ab8000:   0018000000000380 00007ff700000001
0x0000700004ab8010:   2020020000e38008 0000000000000001
0x0000700004ab8020:   60fe7f1c7ffff3ff 00007fff349f50a2
0x0000700004ab8030:   00007ff7963d4400 000000010ba706e0
0x0000700004ab8040:   000002c03b008081 0000000100000340
0x0000700004ab8050:   000000010ba71918 000000010ba5e0c0
0x0000700004ab8060:   001e011c7f1863e5 00000005963c7a00
0x0000700004ab8070:   000000010ba672b0 000000010ba66000
0x0000700004ab8080:   0000700004ab8130 00007fff44eb202f
0x0000700004ab8090:   000000010ba672b0 0000000000000000
0x0000700004ab80a0:   0000000000000001 0000000000000000
0x0000700004ab80b0:   0000000000000000 0000000100000000
0x0000700004ab80c0:   000000013f800000 0000000000000000 

Instructions: (pc=0x00007fff349ffc68)
0x00007fff349ffb68:   66 0f ef c0 f3 0f 7f 44 0a 30 8d 41 40 41 89 80
0x00007fff349ffb78:   44 a6 00 00 48 8d 05 ad e3 ca 00 8b 40 0c 01 c8
0x00007fff349ffb88:   83 e0 c0 48 8b 55 b8 41 8b 8c 10 80 33 00 00 83
0x00007fff349ffb98:   e1 3f 09 c1 41 89 8c 10 80 33 00 00 4c 8b 4d a0
0x00007fff349ffba8:   e9 30 04 00 00 45 31 e4 85 c0 0f 84 9b 02 00 00
0x00007fff349ffbb8:   44 89 7d d0 48 8d 0d 6d e3 ca 00 8b 49 0c 89 4d
0x00007fff349ffbc8:   90 b9 00 00 00 40 66 48 0f 6e e1 45 31 ed 45 31
0x00007fff349ffbd8:   db c7 45 b0 00 00 00 00 31 c9 48 89 4d c8 45 31
0x00007fff349ffbe8:   ff 66 0f 7f a5 50 ff ff ff 41 8b 4e 70 be 01 00
0x00007fff349ffbf8:   00 00 c4 62 11 f7 e6 44 0f a3 e9 0f 83 d5 01 00
0x00007fff349ffc08:   00 41 80 b8 69 a1 00 00 00 41 8a 80 68 a1 00 00
0x00007fff349ffc18:   74 12 84 c0 44 8b 55 a8 75 12 41 80 88 78 7b 00
0x00007fff349ffc28:   00 01 eb 53 84 c0 44 8b 55 a8 74 4b 41 8b 46 64
0x00007fff349ffc38:   85 c0 74 43 41 8b 8e 84 00 00 00 85 c9 74 38 31
0x00007fff349ffc48:   d2 a8 01 74 28 41 0f b6 74 11 70 48 8b b4 f3 c8
0x00007fff349ffc58:   00 00 00 48 8b 36 8b 76 0c 48 8b bb f8 11 00 00
0x00007fff349ffc68:   3b 77 08 75 08 41 80 88 78 7b 00 00 01 d1 e8 48
0x00007fff349ffc78:   ff c2 48 39 d1 75 ca 66 41 c7 80 68 a1 00 00 00
0x00007fff349ffc88:   00 44 89 fb 45 39 94 98 10 93 00 00 75 17 41 f6
0x00007fff349ffc98:   80 78 7b 00 00 01 75 0d 41 8b 84 98 f0 92 00 00
0x00007fff349ffca8:   e9 a4 00 00 00 48 89 d8 48 c1 e0 06 4d 8d b4 00
0x00007fff349ffcb8:   f0 90 00 00 41 f6 80 bc 2e 00 00 02 74 2d 4c 89
0x00007fff349ffcc8:   c7 4c 89 f6 44 89 9d 78 ff ff ff e8 e8 bf ba 00
0x00007fff349ffcd8:   66 0f 6f a5 50 ff ff ff 44 8b 9d 78 ff ff ff 44
0x00007fff349ffce8:   8b 55 a8 4c 8b 4d a0 4c 8b 45 c0 41 8b 80 44 a6
0x00007fff349ffcf8:   00 00 83 c0 3f 83 e0 c0 49 8b 88 38 a6 00 00 41
0x00007fff349ffd08:   0f 10 06 41 0f 10 4e 10 41 0f 10 56 20 41 0f 10
0x00007fff349ffd18:   5e 30 0f 11 5c 01 30 0f 11 54 01 20 0f 11 4c 01
0x00007fff349ffd28:   10 0f 11 04 01 8d 48 40 41 89 88 44 a6 00 00 03
0x00007fff349ffd38:   45 90 41 89 84 98 f0 92 00 00 45 89 94 98 10 93
0x00007fff349ffd48:   00 00 4c 8b b5 70 ff ff ff 48 63 4d c8 48 8d 0c
0x00007fff349ffd58:   49 41 89 84 88 80 7b 00 00 41 c7 84 88 84 7b 00 


Stack slot to memory mapping:
stack at sp + 0 slots: 0x0000700004ab7f58 is pointing into the stack for thread: 0x00007ff795194000
stack at sp + 1 slots: 0x000000010ba6d1c8 points into unknown readable memory: 00 00 2a 78 40 76 00 00
stack at sp + 2 slots: 0x0000000000077da8 is an unknown value
stack at sp + 3 slots: 0x000000000000897c is an unknown value
stack at sp + 4 slots: 0x0000000040000000 is an unknown value
stack at sp + 5 slots: 0x0 is NULL
stack at sp + 6 slots: 0x00007ff796c664c0 points into unknown readable memory: c0 07 92 9d ff 7f 00 00
stack at sp + 7 slots: 0x00000000000000e8 is an unknown value


---------------  P R O C E S S  ---------------

Threads class SMR info:
_java_thread_list=0x00007ff796c6dc60, length=12, elements={
0x00007ff795027800, 0x00007ff79500c800, 0x00007ff796033000, 0x00007ff79502a000,
0x00007ff794817800, 0x00007ff79502c000, 0x00007ff795057800, 0x00007ff795058800,
0x00007ff79594a800, 0x00007ff795194000, 0x00007ff79517f800, 0x00007ff7959fd000
}

Java Threads: ( => current thread )
  0x00007ff795027800 JavaThread "Reference Handler" daemon [_thread_blocked, id=16899, stack(0x0000700003c89000,0x0000700003d89000)]
  0x00007ff79500c800 JavaThread "Finalizer" daemon [_thread_blocked, id=16131, stack(0x0000700003d8c000,0x0000700003e8c000)]
  0x00007ff796033000 JavaThread "Signal Dispatcher" daemon [_thread_blocked, id=43267, stack(0x0000700003e8f000,0x0000700003f8f000)]
  0x00007ff79502a000 JavaThread "C2 CompilerThread0" daemon [_thread_blocked, id=42755, stack(0x0000700003f92000,0x0000700004092000)]
  0x00007ff794817800 JavaThread "C1 CompilerThread0" daemon [_thread_blocked, id=42243, stack(0x0000700004095000,0x0000700004195000)]
  0x00007ff79502c000 JavaThread "Sweeper thread" daemon [_thread_blocked, id=41987, stack(0x0000700004198000,0x0000700004298000)]
  0x00007ff795057800 JavaThread "Service Thread" daemon [_thread_blocked, id=41219, stack(0x000070000429b000,0x000070000439b000)]
  0x00007ff795058800 JavaThread "Common-Cleaner" daemon [_thread_blocked, id=23299, stack(0x00007000044a1000,0x00007000045a1000)]
  0x00007ff79594a800 JavaThread "AppKit Thread" daemon [_thread_in_native, id=775, stack(0x00007ffee8944000,0x00007ffee9144000)]
=>0x00007ff795194000 JavaThread "LWJGL Application" [_thread_in_native, id=128771, stack(0x00007000049b9000,0x0000700004ab9000)]
  0x00007ff79517f800 JavaThread "DestroyJavaVM" [_thread_blocked, id=8963, stack(0x0000700003574000,0x0000700003674000)]
  0x00007ff7959fd000 JavaThread "AWT-Shutdown" [_thread_blocked, id=34607, stack(0x0000700004627000,0x0000700004727000)]

Other Threads:
  0x00007ff794817000 VMThread "VM Thread" [stack: 0x0000700003b86000,0x0000700003c86000] [id=17667]
  0x00007ff79502d000 WatcherThread [stack: 0x000070000439e000,0x000070000449e000] [id=40707]
  0x00007ff79601f800 GCTaskThread "GC Thread#0" [stack: 0x0000700003677000,0x0000700003777000] [id=20227]
  0x00007ff7952bd800 GCTaskThread "GC Thread#1" [stack: 0x0000700004abc000,0x0000700004bbc000] [id=128519]
  0x00007ff7952c0000 GCTaskThread "GC Thread#2" [stack: 0x0000700004bbf000,0x0000700004cbf000] [id=127235]
  0x00007ff7959a1800 GCTaskThread "GC Thread#3" [stack: 0x0000700004cc2000,0x0000700004dc2000] [id=93187]
  0x00007ff79501a000 ConcurrentGCThread "G1 Main Marker" [stack: 0x000070000377a000,0x000070000387a000] [id=19971]
  0x00007ff79580a000 ConcurrentGCThread "G1 Conc#0" [stack: 0x000070000387d000,0x000070000397d000] [id=19203]
  0x00007ff79585b000 ConcurrentGCThread "G1 Refine#0" [stack: 0x0000700003980000,0x0000700003a80000] [id=12803]
  0x00007ff7959e4800 ConcurrentGCThread "G1 Refine#1" [stack: 0x0000700004dc5000,0x0000700004ec5000] [id=126979]
  0x00007ff7959e5800 ConcurrentGCThread "G1 Refine#2" [stack: 0x0000700004ec8000,0x0000700004fc8000] [id=93699]
  0x00007ff794812000 ConcurrentGCThread "G1 Young RemSet Sampling" [stack: 0x0000700003a83000,0x0000700003b83000] [id=18947]

Threads with active compile tasks:

VM state:not at safepoint (normal execution)

VM Mutex/Monitor currently owned by a thread: None

Heap address: 0x0000000780000000, size: 2048 MB, Compressed Oops mode: Zero based, Oop shift amount: 3
Narrow klass base: 0x0000000800000000, Narrow klass shift: 3
Compressed class space size: 1073741824 Address: 0x0000000800ae7000

Heap:
 garbage-first heap   total 133120K, used 22835K [0x0000000780000000, 0x0000000800000000)
  region size 1024K, 4 young (4096K), 3 survivors (3072K)
 Metaspace       used 5248K, capacity 7304K, committed 7680K, reserved 1056768K
  class space    used 417K, capacity 636K, committed 768K, reserved 1048576K
Heap Regions: E=young(eden), S=young(survivor), O=old, HS=humongous(starts), HC=humongous(continues), CS=collection set, F=free, A=archive, TAMS=top-at-mark-start (previous, next)
|   0|0x0000000780000000, 0x0000000780100000, 0x0000000780100000|100%| O|  |TAMS 0x0000000780000000, 0x0000000780000000| Untracked 
|   1|0x0000000780100000, 0x0000000780200000, 0x0000000780200000|100%| O|  |TAMS 0x0000000780100000, 0x0000000780100000| Untracked 
|   2|0x0000000780200000, 0x0000000780300000, 0x0000000780300000|100%| O|  |TAMS 0x0000000780200000, 0x0000000780200000| Untracked 
|   3|0x0000000780300000, 0x0000000780400000, 0x0000000780400000|100%| O|  |TAMS 0x0000000780300000, 0x0000000780300000| Untracked 
|   4|0x0000000780400000, 0x0000000780500000, 0x0000000780500000|100%| O|  |TAMS 0x0000000780400000, 0x0000000780400000| Untracked 
|   5|0x0000000780500000, 0x0000000780600000, 0x0000000780600000|100%| O|  |TAMS 0x0000000780500000, 0x0000000780500000| Untracked 
|   6|0x0000000780600000, 0x0000000780700000, 0x0000000780700000|100%| O|  |TAMS 0x0000000780600000, 0x0000000780600000| Untracked 
|   7|0x0000000780700000, 0x0000000780800000, 0x0000000780800000|100%| O|  |TAMS 0x0000000780700000, 0x0000000780700000| Untracked 
|   8|0x0000000780800000, 0x0000000780900000, 0x0000000780900000|100%| O|  |TAMS 0x0000000780800000, 0x0000000780800000| Untracked 
|   9|0x0000000780900000, 0x0000000780a00000, 0x0000000780a00000|100%| O|  |TAMS 0x0000000780900000, 0x0000000780900000| Untracked 
|  10|0x0000000780a00000, 0x0000000780b00000, 0x0000000780b00000|100%| O|  |TAMS 0x0000000780a00000, 0x0000000780a00000| Untracked 
|  11|0x0000000780b00000, 0x0000000780c00000, 0x0000000780c00000|100%| O|  |TAMS 0x0000000780b00000, 0x0000000780b00000| Untracked 
|  12|0x0000000780c00000, 0x0000000780d00000, 0x0000000780d00000|100%| O|  |TAMS 0x0000000780c00000, 0x0000000780c00000| Untracked 
|  13|0x0000000780d00000, 0x0000000780e00000, 0x0000000780e00000|100%| O|  |TAMS 0x0000000780d00000, 0x0000000780d00000| Untracked 
|  14|0x0000000780e00000, 0x0000000780f00000, 0x0000000780f00000|100%| O|  |TAMS 0x0000000780e00000, 0x0000000780e00000| Untracked 
|  15|0x0000000780f00000, 0x0000000781000000, 0x0000000781000000|100%| O|  |TAMS 0x0000000780f00000, 0x0000000780f00000| Untracked 
|  16|0x0000000781000000, 0x0000000781100000, 0x0000000781100000|100%| O|  |TAMS 0x0000000781000000, 0x0000000781000000| Untracked 
|  17|0x0000000781100000, 0x0000000781200000, 0x0000000781200000|100%| O|  |TAMS 0x0000000781100000, 0x0000000781100000| Untracked 
|  18|0x0000000781200000, 0x000000078128fc00, 0x0000000781300000| 56%| O|  |TAMS 0x0000000781200000, 0x0000000781200000| Untracked 
|  19|0x0000000781300000, 0x0000000781300000, 0x0000000781400000|  0%| F|  |TAMS 0x0000000781300000, 0x0000000781300000| Untracked 
|  20|0x0000000781400000, 0x0000000781400000, 0x0000000781500000|  0%| F|  |TAMS 0x0000000781400000, 0x0000000781400000| Untracked 
|  21|0x0000000781500000, 0x0000000781500000, 0x0000000781600000|  0%| F|  |TAMS 0x0000000781500000, 0x0000000781500000| Untracked 
|  22|0x0000000781600000, 0x0000000781600000, 0x0000000781700000|  0%| F|  |TAMS 0x0000000781600000, 0x0000000781600000| Untracked 
|  23|0x0000000781700000, 0x0000000781700000, 0x0000000781800000|  0%| F|  |TAMS 0x0000000781700000, 0x0000000781700000| Untracked 
|  24|0x0000000781800000, 0x0000000781800000, 0x0000000781900000|  0%| F|  |TAMS 0x0000000781800000, 0x0000000781800000| Untracked 
|  25|0x0000000781900000, 0x0000000781900000, 0x0000000781a00000|  0%| F|  |TAMS 0x0000000781900000, 0x0000000781900000| Untracked 
|  26|0x0000000781a00000, 0x0000000781a00000, 0x0000000781b00000|  0%| F|  |TAMS 0x0000000781a00000, 0x0000000781a00000| Untracked 
|  27|0x0000000781b00000, 0x0000000781b00000, 0x0000000781c00000|  0%| F|  |TAMS 0x0000000781b00000, 0x0000000781b00000| Untracked 
|  28|0x0000000781c00000, 0x0000000781c00000, 0x0000000781d00000|  0%| F|  |TAMS 0x0000000781c00000, 0x0000000781c00000| Untracked 
|  29|0x0000000781d00000, 0x0000000781d00000, 0x0000000781e00000|  0%| F|  |TAMS 0x0000000781d00000, 0x0000000781d00000| Untracked 
|  30|0x0000000781e00000, 0x0000000781e00000, 0x0000000781f00000|  0%| F|  |TAMS 0x0000000781e00000, 0x0000000781e00000| Untracked 
|  31|0x0000000781f00000, 0x0000000781f00000, 0x0000000782000000|  0%| F|  |TAMS 0x0000000781f00000, 0x0000000781f00000| Untracked 
|  32|0x0000000782000000, 0x0000000782000000, 0x0000000782100000|  0%| F|  |TAMS 0x0000000782000000, 0x0000000782000000| Untracked 
|  33|0x0000000782100000, 0x0000000782100000, 0x0000000782200000|  0%| F|  |TAMS 0x0000000782100000, 0x0000000782100000| Untracked 
|  34|0x0000000782200000, 0x0000000782200000, 0x0000000782300000|  0%| F|  |TAMS 0x0000000782200000, 0x0000000782200000| Untracked 
|  35|0x0000000782300000, 0x0000000782300000, 0x0000000782400000|  0%| F|  |TAMS 0x0000000782300000, 0x0000000782300000| Untracked 
|  36|0x0000000782400000, 0x0000000782400000, 0x0000000782500000|  0%| F|  |TAMS 0x0000000782400000, 0x0000000782400000| Untracked 
|  37|0x0000000782500000, 0x0000000782500000, 0x0000000782600000|  0%| F|  |TAMS 0x0000000782500000, 0x0000000782500000| Untracked 
|  38|0x0000000782600000, 0x0000000782600000, 0x0000000782700000|  0%| F|  |TAMS 0x0000000782600000, 0x0000000782600000| Untracked 
|  39|0x0000000782700000, 0x0000000782700000, 0x0000000782800000|  0%| F|  |TAMS 0x0000000782700000, 0x0000000782700000| Untracked 
|  40|0x0000000782800000, 0x0000000782800000, 0x0000000782900000|  0%| F|  |TAMS 0x0000000782800000, 0x0000000782800000| Untracked 
|  41|0x0000000782900000, 0x0000000782900000, 0x0000000782a00000|  0%| F|  |TAMS 0x0000000782900000, 0x0000000782900000| Untracked 
|  42|0x0000000782a00000, 0x0000000782a00000, 0x0000000782b00000|  0%| F|  |TAMS 0x0000000782a00000, 0x0000000782a00000| Untracked 
|  43|0x0000000782b00000, 0x0000000782b00000, 0x0000000782c00000|  0%| F|  |TAMS 0x0000000782b00000, 0x0000000782b00000| Untracked 
|  44|0x0000000782c00000, 0x0000000782c00000, 0x0000000782d00000|  0%| F|  |TAMS 0x0000000782c00000, 0x0000000782c00000| Untracked 
|  45|0x0000000782d00000, 0x0000000782d00000, 0x0000000782e00000|  0%| F|  |TAMS 0x0000000782d00000, 0x0000000782d00000| Untracked 
|  46|0x0000000782e00000, 0x0000000782e00000, 0x0000000782f00000|  0%| F|  |TAMS 0x0000000782e00000, 0x0000000782e00000| Untracked 
|  47|0x0000000782f00000, 0x0000000782f00000, 0x0000000783000000|  0%| F|  |TAMS 0x0000000782f00000, 0x0000000782f00000| Untracked 
|  48|0x0000000783000000, 0x0000000783000000, 0x0000000783100000|  0%| F|  |TAMS 0x0000000783000000, 0x0000000783000000| Untracked 
|  49|0x0000000783100000, 0x0000000783100000, 0x0000000783200000|  0%| F|  |TAMS 0x0000000783100000, 0x0000000783100000| Untracked 
|  50|0x0000000783200000, 0x0000000783200000, 0x0000000783300000|  0%| F|  |TAMS 0x0000000783200000, 0x0000000783200000| Untracked 
|  51|0x0000000783300000, 0x0000000783300000, 0x0000000783400000|  0%| F|  |TAMS 0x0000000783300000, 0x0000000783300000| Untracked 
|  52|0x0000000783400000, 0x0000000783400000, 0x0000000783500000|  0%| F|  |TAMS 0x0000000783400000, 0x0000000783400000| Untracked 
|  53|0x0000000783500000, 0x0000000783500000, 0x0000000783600000|  0%| F|  |TAMS 0x0000000783500000, 0x0000000783500000| Untracked 
|  54|0x0000000783600000, 0x0000000783600000, 0x0000000783700000|  0%| F|  |TAMS 0x0000000783600000, 0x0000000783600000| Untracked 
|  55|0x0000000783700000, 0x0000000783700000, 0x0000000783800000|  0%| F|  |TAMS 0x0000000783700000, 0x0000000783700000| Untracked 
|  56|0x0000000783800000, 0x0000000783800000, 0x0000000783900000|  0%| F|  |TAMS 0x0000000783800000, 0x0000000783800000| Untracked 
|  57|0x0000000783900000, 0x0000000783900000, 0x0000000783a00000|  0%| F|  |TAMS 0x0000000783900000, 0x0000000783900000| Untracked 
|  58|0x0000000783a00000, 0x0000000783a00000, 0x0000000783b00000|  0%| F|  |TAMS 0x0000000783a00000, 0x0000000783a00000| Untracked 
|  59|0x0000000783b00000, 0x0000000783b00000, 0x0000000783c00000|  0%| F|  |TAMS 0x0000000783b00000, 0x0000000783b00000| Untracked 
|  60|0x0000000783c00000, 0x0000000783c00000, 0x0000000783d00000|  0%| F|  |TAMS 0x0000000783c00000, 0x0000000783c00000| Untracked 
|  61|0x0000000783d00000, 0x0000000783d00000, 0x0000000783e00000|  0%| F|  |TAMS 0x0000000783d00000, 0x0000000783d00000| Untracked 
|  62|0x0000000783e00000, 0x0000000783e00000, 0x0000000783f00000|  0%| F|  |TAMS 0x0000000783e00000, 0x0000000783e00000| Untracked 
|  63|0x0000000783f00000, 0x0000000783f00000, 0x0000000784000000|  0%| F|  |TAMS 0x0000000783f00000, 0x0000000783f00000| Untracked 
|  64|0x0000000784000000, 0x0000000784000000, 0x0000000784100000|  0%| F|  |TAMS 0x0000000784000000, 0x0000000784000000| Untracked 
|  65|0x0000000784100000, 0x0000000784100000, 0x0000000784200000|  0%| F|  |TAMS 0x0000000784100000, 0x0000000784100000| Untracked 
|  66|0x0000000784200000, 0x0000000784200000, 0x0000000784300000|  0%| F|  |TAMS 0x0000000784200000, 0x0000000784200000| Untracked 
|  67|0x0000000784300000, 0x0000000784300000, 0x0000000784400000|  0%| F|  |TAMS 0x0000000784300000, 0x0000000784300000| Untracked 
|  68|0x0000000784400000, 0x0000000784400000, 0x0000000784500000|  0%| F|  |TAMS 0x0000000784400000, 0x0000000784400000| Untracked 
|  69|0x0000000784500000, 0x0000000784500000, 0x0000000784600000|  0%| F|  |TAMS 0x0000000784500000, 0x0000000784500000| Untracked 
|  70|0x0000000784600000, 0x0000000784600000, 0x0000000784700000|  0%| F|  |TAMS 0x0000000784600000, 0x0000000784600000| Untracked 
|  71|0x0000000784700000, 0x0000000784700000, 0x0000000784800000|  0%| F|  |TAMS 0x0000000784700000, 0x0000000784700000| Untracked 
|  72|0x0000000784800000, 0x0000000784800000, 0x0000000784900000|  0%| F|  |TAMS 0x0000000784800000, 0x0000000784800000| Untracked 
|  73|0x0000000784900000, 0x0000000784900000, 0x0000000784a00000|  0%| F|  |TAMS 0x0000000784900000, 0x0000000784900000| Untracked 
|  74|0x0000000784a00000, 0x0000000784a00000, 0x0000000784b00000|  0%| F|  |TAMS 0x0000000784a00000, 0x0000000784a00000| Untracked 
|  75|0x0000000784b00000, 0x0000000784b00000, 0x0000000784c00000|  0%| F|  |TAMS 0x0000000784b00000, 0x0000000784b00000| Untracked 
|  76|0x0000000784c00000, 0x0000000784c00000, 0x0000000784d00000|  0%| F|  |TAMS 0x0000000784c00000, 0x0000000784c00000| Untracked 
|  77|0x0000000784d00000, 0x0000000784d00000, 0x0000000784e00000|  0%| F|  |TAMS 0x0000000784d00000, 0x0000000784d00000| Untracked 
|  78|0x0000000784e00000, 0x0000000784e00000, 0x0000000784f00000|  0%| F|  |TAMS 0x0000000784e00000, 0x0000000784e00000| Untracked 
|  79|0x0000000784f00000, 0x0000000784f00000, 0x0000000785000000|  0%| F|  |TAMS 0x0000000784f00000, 0x0000000784f00000| Untracked 
|  80|0x0000000785000000, 0x0000000785000000, 0x0000000785100000|  0%| F|  |TAMS 0x0000000785000000, 0x0000000785000000| Untracked 
|  81|0x0000000785100000, 0x0000000785100000, 0x0000000785200000|  0%| F|  |TAMS 0x0000000785100000, 0x0000000785100000| Untracked 
|  82|0x0000000785200000, 0x0000000785200000, 0x0000000785300000|  0%| F|  |TAMS 0x0000000785200000, 0x0000000785200000| Untracked 
|  83|0x0000000785300000, 0x0000000785300000, 0x0000000785400000|  0%| F|  |TAMS 0x0000000785300000, 0x0000000785300000| Untracked 
|  84|0x0000000785400000, 0x0000000785400000, 0x0000000785500000|  0%| F|  |TAMS 0x0000000785400000, 0x0000000785400000| Untracked 
|  85|0x0000000785500000, 0x0000000785500000, 0x0000000785600000|  0%| F|  |TAMS 0x0000000785500000, 0x0000000785500000| Untracked 
|  86|0x0000000785600000, 0x0000000785600000, 0x0000000785700000|  0%| F|  |TAMS 0x0000000785600000, 0x0000000785600000| Untracked 
|  87|0x0000000785700000, 0x0000000785700000, 0x0000000785800000|  0%| F|  |TAMS 0x0000000785700000, 0x0000000785700000| Untracked 
|  88|0x0000000785800000, 0x0000000785800000, 0x0000000785900000|  0%| F|  |TAMS 0x0000000785800000, 0x0000000785800000| Untracked 
|  89|0x0000000785900000, 0x0000000785900000, 0x0000000785a00000|  0%| F|  |TAMS 0x0000000785900000, 0x0000000785900000| Untracked 
|  90|0x0000000785a00000, 0x0000000785a00000, 0x0000000785b00000|  0%| F|  |TAMS 0x0000000785a00000, 0x0000000785a00000| Untracked 
|  91|0x0000000785b00000, 0x0000000785b00000, 0x0000000785c00000|  0%| F|  |TAMS 0x0000000785b00000, 0x0000000785b00000| Untracked 
|  92|0x0000000785c00000, 0x0000000785c00000, 0x0000000785d00000|  0%| F|  |TAMS 0x0000000785c00000, 0x0000000785c00000| Untracked 
|  93|0x0000000785d00000, 0x0000000785d00000, 0x0000000785e00000|  0%| F|  |TAMS 0x0000000785d00000, 0x0000000785d00000| Untracked 
|  94|0x0000000785e00000, 0x0000000785e00000, 0x0000000785f00000|  0%| F|  |TAMS 0x0000000785e00000, 0x0000000785e00000| Untracked 
|  95|0x0000000785f00000, 0x0000000785f00000, 0x0000000786000000|  0%| F|  |TAMS 0x0000000785f00000, 0x0000000785f00000| Untracked 
|  96|0x0000000786000000, 0x0000000786000000, 0x0000000786100000|  0%| F|  |TAMS 0x0000000786000000, 0x0000000786000000| Untracked 
|  97|0x0000000786100000, 0x0000000786100000, 0x0000000786200000|  0%| F|  |TAMS 0x0000000786100000, 0x0000000786100000| Untracked 
|  98|0x0000000786200000, 0x0000000786200000, 0x0000000786300000|  0%| F|  |TAMS 0x0000000786200000, 0x0000000786200000| Untracked 
|  99|0x0000000786300000, 0x0000000786300000, 0x0000000786400000|  0%| F|  |TAMS 0x0000000786300000, 0x0000000786300000| Untracked 
| 100|0x0000000786400000, 0x0000000786400000, 0x0000000786500000|  0%| F|  |TAMS 0x0000000786400000, 0x0000000786400000| Untracked 
| 101|0x0000000786500000, 0x0000000786500000, 0x0000000786600000|  0%| F|  |TAMS 0x0000000786500000, 0x0000000786500000| Untracked 
| 102|0x0000000786600000, 0x0000000786600000, 0x0000000786700000|  0%| F|  |TAMS 0x0000000786600000, 0x0000000786600000| Untracked 
| 103|0x0000000786700000, 0x0000000786700000, 0x0000000786800000|  0%| F|  |TAMS 0x0000000786700000, 0x0000000786700000| Untracked 
| 104|0x0000000786800000, 0x0000000786800000, 0x0000000786900000|  0%| F|  |TAMS 0x0000000786800000, 0x0000000786800000| Untracked 
| 105|0x0000000786900000, 0x0000000786900000, 0x0000000786a00000|  0%| F|  |TAMS 0x0000000786900000, 0x0000000786900000| Untracked 
| 106|0x0000000786a00000, 0x0000000786b00000, 0x0000000786b00000|100%| S|CS|TAMS 0x0000000786a00000, 0x0000000786a00000| Complete 
| 107|0x0000000786b00000, 0x0000000786c00000, 0x0000000786c00000|100%| S|CS|TAMS 0x0000000786b00000, 0x0000000786b00000| Complete 
| 108|0x0000000786c00000, 0x0000000786d00000, 0x0000000786d00000|100%| S|CS|TAMS 0x0000000786c00000, 0x0000000786c00000| Complete 
| 109|0x0000000786d00000, 0x0000000786d00000, 0x0000000786e00000|  0%| F|  |TAMS 0x0000000786d00000, 0x0000000786d00000| Untracked 
| 110|0x0000000786e00000, 0x0000000786e00000, 0x0000000786f00000|  0%| F|  |TAMS 0x0000000786e00000, 0x0000000786e00000| Untracked 
| 111|0x0000000786f00000, 0x0000000786f00000, 0x0000000787000000|  0%| F|  |TAMS 0x0000000786f00000, 0x0000000786f00000| Untracked 
| 112|0x0000000787000000, 0x0000000787000000, 0x0000000787100000|  0%| F|  |TAMS 0x0000000787000000, 0x0000000787000000| Untracked 
| 113|0x0000000787100000, 0x0000000787100000, 0x0000000787200000|  0%| F|  |TAMS 0x0000000787100000, 0x0000000787100000| Untracked 
| 114|0x0000000787200000, 0x0000000787200000, 0x0000000787300000|  0%| F|  |TAMS 0x0000000787200000, 0x0000000787200000| Untracked 
| 115|0x0000000787300000, 0x0000000787300000, 0x0000000787400000|  0%| F|  |TAMS 0x0000000787300000, 0x0000000787300000| Untracked 
| 116|0x0000000787400000, 0x0000000787400000, 0x0000000787500000|  0%| F|  |TAMS 0x0000000787400000, 0x0000000787400000| Untracked 
| 117|0x0000000787500000, 0x0000000787500000, 0x0000000787600000|  0%| F|  |TAMS 0x0000000787500000, 0x0000000787500000| Untracked 
| 118|0x0000000787600000, 0x0000000787600000, 0x0000000787700000|  0%| F|  |TAMS 0x0000000787600000, 0x0000000787600000| Untracked 
| 119|0x0000000787700000, 0x0000000787700000, 0x0000000787800000|  0%| F|  |TAMS 0x0000000787700000, 0x0000000787700000| Untracked 
| 120|0x0000000787800000, 0x0000000787800000, 0x0000000787900000|  0%| F|  |TAMS 0x0000000787800000, 0x0000000787800000| Untracked 
| 121|0x0000000787900000, 0x0000000787900000, 0x0000000787a00000|  0%| F|  |TAMS 0x0000000787900000, 0x0000000787900000| Untracked 
| 122|0x0000000787a00000, 0x0000000787a00000, 0x0000000787b00000|  0%| F|  |TAMS 0x0000000787a00000, 0x0000000787a00000| Untracked 
| 123|0x0000000787b00000, 0x0000000787b00000, 0x0000000787c00000|  0%| F|  |TAMS 0x0000000787b00000, 0x0000000787b00000| Untracked 
| 124|0x0000000787c00000, 0x0000000787c00000, 0x0000000787d00000|  0%| F|  |TAMS 0x0000000787c00000, 0x0000000787c00000| Untracked 
| 125|0x0000000787d00000, 0x0000000787d00000, 0x0000000787e00000|  0%| F|  |TAMS 0x0000000787d00000, 0x0000000787d00000| Untracked 
| 126|0x0000000787e00000, 0x0000000787e00000, 0x0000000787f00000|  0%| F|  |TAMS 0x0000000787e00000, 0x0000000787e00000| Untracked 
| 127|0x0000000787f00000, 0x0000000787f377d0, 0x0000000788000000| 21%| E|  |TAMS 0x0000000787f00000, 0x0000000787f00000| Complete 
|1022|0x00000007bfe00000, 0x00000007bfe47000, 0x00000007bff00000| 27%|OA|  |TAMS 0x00000007bfe00000, 0x00000007bfe00000| Untracked 
|1023|0x00000007bff00000, 0x00000007bff76000, 0x00000007c0000000| 46%|CA|  |TAMS 0x00000007bff00000, 0x00000007bff00000| Untracked 

Card table byte_map: [0x0000000108bd6000,0x0000000108fd6000] _byte_map_base: 0x0000000104fd6000

Marking Bits (Prev, Next): (CMBitMap*) 0x00007ff795001618, (CMBitMap*) 0x00007ff795001658
 Prev Bits: [0x00000001093d6000, 0x000000010b3d6000)
 Next Bits: [0x0000000123277000, 0x0000000125277000)

Polling page: 0x0000000107916000

Metaspace:

Usage:
  Non-class:      6.51 MB capacity,     4.72 MB ( 72%) used,     1.79 MB ( 27%) free+waste,     8.25 KB ( <1%) overhead. 
      Class:    636.00 KB capacity,   417.07 KB ( 66%) used,   214.99 KB ( 34%) free+waste,     3.94 KB ( <1%) overhead. 
       Both:      7.13 MB capacity,     5.13 MB ( 72%) used,     2.00 MB ( 28%) free+waste,    12.19 KB ( <1%) overhead. 

Virtual space:
  Non-class space:        8.00 MB reserved,       6.75 MB ( 84%) committed 
      Class space:        1.00 GB reserved,     768.00 KB ( <1%) committed 
             Both:        1.01 GB reserved,       7.50 MB ( <1%) committed 

Chunk freelists:
   Non-Class:  88.00 KB
       Class:  8.00 KB
        Both:  96.00 KB

MaxMetaspaceSize: unlimited
CompressedClassSpaceSize: 1.00 GB

CodeHeap 'non-profiled nmethods': size=120032Kb used=309Kb max_used=309Kb free=119722Kb
 bounds [0x000000011bd3f000, 0x000000011bfaf000, 0x0000000123277000]
CodeHeap 'profiled nmethods': size=120032Kb used=1927Kb max_used=1927Kb free=118104Kb
 bounds [0x0000000114807000, 0x0000000114a77000, 0x000000011bd3f000]
CodeHeap 'non-nmethods': size=5696Kb used=1253Kb max_used=1268Kb free=4442Kb
 bounds [0x0000000114277000, 0x00000001144e7000, 0x0000000114807000]
 total_blobs=1733 nmethods=998 adapters=439
 compilation: enabled
              stopped_count=0, restarted_count=0
 full_count=0

Compilation events (20 events):
Event: 7.847 Thread 0x00007ff794817800  989       3       org.lwjgl.opengl.Display::wasResized (4 bytes)
Event: 7.848 Thread 0x00007ff79502a000  990       4       com.badlogic.gdx.utils.Array$ArrayIterator::hasNext (37 bytes)
Event: 7.848 Thread 0x00007ff794817800 nmethod 989 0x00000001149e4790 code [0x00000001149e4920, 0x00000001149e4a70]
Event: 7.848 Thread 0x00007ff794817800  991       3       com.badlogic.gdx.graphics.g2d.GlyphLayout::reset (30 bytes)
Event: 7.848 Thread 0x00007ff794817800 nmethod 991 0x00000001149e4b10 code [0x00000001149e4ce0, 0x00000001149e50a8]
Event: 7.848 Thread 0x00007ff79502a000 nmethod 990 0x000000011bd8ba10 code [0x000000011bd8bb80, 0x000000011bd8bc38]
Event: 7.848 Thread 0x00007ff794817800  992       3       com.badlogic.gdx.graphics.g2d.GlyphLayout$GlyphRun::reset (20 bytes)
Event: 7.849 Thread 0x00007ff794817800 nmethod 992 0x00000001149e5210 code [0x00000001149e53c0, 0x00000001149e56a8]
Event: 7.849 Thread 0x00007ff794817800  993       3       com.badlogic.gdx.utils.FloatArray::clear (6 bytes)
Event: 7.849 Thread 0x00007ff794817800 nmethod 993 0x00000001149e5810 code [0x00000001149e59a0, 0x00000001149e5b10]
Event: 7.964 Thread 0x00007ff794817800  994       3       com.badlogic.gdx.graphics.g2d.BitmapFont$BitmapFontData::getGlyphs (269 bytes)
Event: 7.965 Thread 0x00007ff794817800 nmethod 994 0x00000001149e5b90 code [0x00000001149e5e20, 0x00000001149e6c18]
Event: 7.965 Thread 0x00007ff794817800  995       3       com.badlogic.gdx.graphics.g2d.GlyphLayout::adjustLastGlyph (79 bytes)
Event: 7.966 Thread 0x00007ff794817800 nmethod 995 0x00000001149e7290 code [0x00000001149e7480, 0x00000001149e7ab8]
Event: 7.966 Thread 0x00007ff794817800  996       3       com.badlogic.gdx.utils.FloatArray::set (55 bytes)
Event: 7.966 Thread 0x00007ff794817800 nmethod 996 0x00000001149e7d90 code [0x00000001149e8020, 0x00000001149e8ad8]
Event: 8.048 Thread 0x00007ff79502a000  997       4       com.badlogic.gdx.utils.Array$ArrayIterator::next (66 bytes)
Event: 8.050 Thread 0x00007ff79502a000 nmethod 997 0x000000011bd8bd10 code [0x000000011bd8bea0, 0x000000011bd8bfb8]
Event: 8.050 Thread 0x00007ff79502a000  998       4       com.badlogic.gdx.maps.tiled.renderers.BatchTiledMapRenderer::renderMapLayer (108 bytes)
Event: 8.051 Thread 0x00007ff79502a000 nmethod 998 0x000000011bd8c110 code [0x000000011bd8c2a0, 0x000000011bd8c388]

GC Heap History (4 events):
Event: 3.502 GC heap before
{Heap before GC invocations=0 (full 0):
 garbage-first heap   total 133120K, used 16116K [0x0000000780000000, 0x0000000800000000)
  region size 1024K, 14 young (14336K), 0 survivors (0K)
 Metaspace       used 4850K, capacity 6952K, committed 7296K, reserved 1056768K
  class space    used 397K, capacity 604K, committed 640K, reserved 1048576K
}
Event: 3.515 GC heap after
{Heap after GC invocations=1 (full 0):
 garbage-first heap   total 133120K, used 6782K [0x0000000780000000, 0x0000000800000000)
  region size 1024K, 2 young (2048K), 2 survivors (2048K)
 Metaspace       used 4850K, capacity 6952K, committed 7296K, reserved 1056768K
  class space    used 397K, capacity 604K, committed 640K, reserved 1048576K
}
Event: 6.476 GC heap before
{Heap before GC invocations=1 (full 0):
 garbage-first heap   total 133120K, used 24190K [0x0000000780000000, 0x0000000800000000)
  region size 1024K, 19 young (19456K), 2 survivors (2048K)
 Metaspace       used 5218K, capacity 7304K, committed 7680K, reserved 1056768K
  class space    used 417K, capacity 636K, committed 768K, reserved 1048576K
}
Event: 6.514 GC heap after
{Heap after GC invocations=2 (full 0):
 garbage-first heap   total 133120K, used 22835K [0x0000000780000000, 0x0000000800000000)
  region size 1024K, 3 young (3072K), 3 survivors (3072K)
 Metaspace       used 5218K, capacity 7304K, committed 7680K, reserved 1056768K
  class space    used 417K, capacity 636K, committed 768K, reserved 1048576K
}

Deoptimization events (20 events):
Event: 3.538 Thread 0x00007ff795194000 DEOPT PACKING pc=0x000000011494172b sp=0x0000700004ab8710
Event: 3.538 Thread 0x00007ff795194000 DEOPT UNPACKING pc=0x00000001142c033a sp=0x0000700004ab7d90 mode 0
Event: 3.539 Thread 0x00007ff795194000 DEOPT PACKING pc=0x000000011494172b sp=0x0000700004ab8710
Event: 3.539 Thread 0x00007ff795194000 DEOPT UNPACKING pc=0x00000001142c033a sp=0x0000700004ab7d90 mode 0
Event: 3.539 Thread 0x00007ff795194000 DEOPT PACKING pc=0x000000011494172b sp=0x0000700004ab8710
Event: 3.539 Thread 0x00007ff795194000 DEOPT UNPACKING pc=0x00000001142c033a sp=0x0000700004ab7d90 mode 0
Event: 3.540 Thread 0x00007ff795194000 DEOPT PACKING pc=0x000000011494172b sp=0x0000700004ab8710
Event: 3.540 Thread 0x00007ff795194000 DEOPT UNPACKING pc=0x00000001142c033a sp=0x0000700004ab7d90 mode 0
Event: 3.541 Thread 0x00007ff795194000 DEOPT PACKING pc=0x000000011494172b sp=0x0000700004ab8710
Event: 3.541 Thread 0x00007ff795194000 DEOPT UNPACKING pc=0x00000001142c033a sp=0x0000700004ab7d90 mode 0
Event: 3.542 Thread 0x00007ff795194000 DEOPT PACKING pc=0x000000011494172b sp=0x0000700004ab8710
Event: 3.542 Thread 0x00007ff795194000 DEOPT UNPACKING pc=0x00000001142c033a sp=0x0000700004ab7d90 mode 0
Event: 3.543 Thread 0x00007ff795194000 DEOPT PACKING pc=0x000000011494172b sp=0x0000700004ab8710
Event: 3.543 Thread 0x00007ff795194000 DEOPT UNPACKING pc=0x00000001142c033a sp=0x0000700004ab7d90 mode 0
Event: 3.544 Thread 0x00007ff795194000 DEOPT PACKING pc=0x000000011494172b sp=0x0000700004ab8710
Event: 3.544 Thread 0x00007ff795194000 DEOPT UNPACKING pc=0x00000001142c033a sp=0x0000700004ab7d90 mode 0
Event: 3.915 Thread 0x00007ff795194000 DEOPT PACKING pc=0x000000011495bea3 sp=0x0000700004ab8750
Event: 3.915 Thread 0x00007ff795194000 DEOPT UNPACKING pc=0x00000001142c033a sp=0x0000700004ab7b88 mode 0
Event: 6.780 Thread 0x00007ff795194000 DEOPT PACKING pc=0x00000001149b17b3 sp=0x0000700004ab87b0
Event: 6.780 Thread 0x00007ff795194000 DEOPT UNPACKING pc=0x00000001142c033a sp=0x0000700004ab7d58 mode 0

Classes unloaded (0 events):
No events

Classes redefined (0 events):
No events

Internal exceptions (5 events):
Event: 0.229 Thread 0x00007ff795801000 Exception <a 'java/lang/ClassNotFoundException'{0x0000000787c05458}: sun/awt/resources/spi/awtProvider> (0x0000000787c05458) 
thrown [/scratch/mesos/slaves/00f4d7f9-7805-4b6a-aef8-9bb130db2435-S1094/frameworks/1735e8a2-a1db-478c-8104-60c8b0af87dd-0196/executors/eddc5266-d03a-4ae6-82be-d5fd2a265e61/runs/b58a14f2-654d-4800-bdff-0265897a40f0/workspace/open/src/hotspot/share/classfile/systemDictionary.cpp, line 232]
Event: 0.257 Thread 0x00007ff795801000 Exception <a 'java/io/FileNotFoundException'{0x0000000787c49640}> (0x0000000787c49640) 
thrown [/scratch/mesos/slaves/00f4d7f9-7805-4b6a-aef8-9bb130db2435-S1094/frameworks/1735e8a2-a1db-478c-8104-60c8b0af87dd-0196/executors/eddc5266-d03a-4ae6-82be-d5fd2a265e61/runs/b58a14f2-654d-4800-bdff-0265897a40f0/workspace/open/src/hotspot/share/prims/jni.cpp, line 598]
Event: 0.267 Thread 0x00007ff795801000 Exception <a 'java/io/FileNotFoundException'{0x0000000787c6fb00}> (0x0000000787c6fb00) 
thrown [/scratch/mesos/slaves/00f4d7f9-7805-4b6a-aef8-9bb130db2435-S1094/frameworks/1735e8a2-a1db-478c-8104-60c8b0af87dd-0196/executors/eddc5266-d03a-4ae6-82be-d5fd2a265e61/runs/b58a14f2-654d-4800-bdff-0265897a40f0/workspace/open/src/hotspot/share/prims/jni.cpp, line 598]
Event: 0.273 Thread 0x00007ff795801000 Exception <a 'java/lang/ClassNotFoundException'{0x0000000787c7b910}: sun/awt/resources/spi/awtosxProvider> (0x0000000787c7b910) 
thrown [/scratch/mesos/slaves/00f4d7f9-7805-4b6a-aef8-9bb130db2435-S1094/frameworks/1735e8a2-a1db-478c-8104-60c8b0af87dd-0196/executors/eddc5266-d03a-4ae6-82be-d5fd2a265e61/runs/b58a14f2-654d-4800-bdff-0265897a40f0/workspace/open/src/hotspot/share/classfile/systemDictionary.cpp, line 232]
Event: 3.363 Thread 0x00007ff795194000 Exception <a 'java/lang/NoSuchMethodError'{0x00000007878f8a28}: 'int java.lang.invoke.DirectMethodHandle$Holder.invokeSpecialIFC(java.lang.Object, java.lang.Object, int)'> (0x00000007878f8a28) 
thrown [/scratch/mesos/slaves/00f4d7f9-7805-4b6a-aef8-9bb130db2435-S1094/frameworks/1735e8a2-a1db-478c-8104-60c8b0af87dd-0196/executors/eddc5266-d03a-4ae6-82be-d5fd2a265e61/runs/b58a14f2-654d-4800-bdff-0265897a40f0/workspace/open/src/hotspot/share/interpreter/linkResolver.cpp, line 767]

Events (20 events):
Event: 6.765 Loaded shared library /private/var/folders/qr/_f9w60kn3xb_2p2pjzjm_7dr0000gn/T/libgdxcoelho/f7649394/liblwjgl.dylib
Event: 6.766 Loaded shared library /private/var/folders/qr/_f9w60kn3xb_2p2pjzjm_7dr0000gn/T/libgdxcoelho/f7649394/liblwjgl.dylib
Event: 6.767 Loaded shared library /private/var/folders/qr/_f9w60kn3xb_2p2pjzjm_7dr0000gn/T/libgdxcoelho/f7649394/liblwjgl.dylib
Event: 6.768 Loaded shared library /private/var/folders/qr/_f9w60kn3xb_2p2pjzjm_7dr0000gn/T/libgdxcoelho/f7649394/liblwjgl.dylib
Event: 7.781 Loaded shared library /private/var/folders/qr/_f9w60kn3xb_2p2pjzjm_7dr0000gn/T/libgdxcoelho/f7649394/liblwjgl.dylib
Event: 7.782 Loaded shared library /private/var/folders/qr/_f9w60kn3xb_2p2pjzjm_7dr0000gn/T/libgdxcoelho/f7649394/liblwjgl.dylib
Event: 7.783 Loaded shared library /private/var/folders/qr/_f9w60kn3xb_2p2pjzjm_7dr0000gn/T/libgdxcoelho/f7649394/liblwjgl.dylib
Event: 7.785 Loaded shared library /private/var/folders/qr/_f9w60kn3xb_2p2pjzjm_7dr0000gn/T/libgdxcoelho/f7649394/liblwjgl.dylib
Event: 7.798 Loaded shared library /private/var/folders/qr/_f9w60kn3xb_2p2pjzjm_7dr0000gn/T/libgdxcoelho/f7649394/liblwjgl.dylib
Event: 7.798 Loaded shared library /private/var/folders/qr/_f9w60kn3xb_2p2pjzjm_7dr0000gn/T/libgdxcoelho/f7649394/liblwjgl.dylib
Event: 7.799 Loaded shared library /private/var/folders/qr/_f9w60kn3xb_2p2pjzjm_7dr0000gn/T/libgdxcoelho/f7649394/liblwjgl.dylib
Event: 7.800 Loaded shared library /private/var/folders/qr/_f9w60kn3xb_2p2pjzjm_7dr0000gn/T/libgdxcoelho/f7649394/liblwjgl.dylib
Event: 7.832 Loaded shared library /private/var/folders/qr/_f9w60kn3xb_2p2pjzjm_7dr0000gn/T/libgdxcoelho/f7649394/liblwjgl.dylib
Event: 7.832 Loaded shared library /private/var/folders/qr/_f9w60kn3xb_2p2pjzjm_7dr0000gn/T/libgdxcoelho/f7649394/liblwjgl.dylib
Event: 7.833 Loaded shared library /private/var/folders/qr/_f9w60kn3xb_2p2pjzjm_7dr0000gn/T/libgdxcoelho/f7649394/liblwjgl.dylib
Event: 7.833 Loaded shared library /private/var/folders/qr/_f9w60kn3xb_2p2pjzjm_7dr0000gn/T/libgdxcoelho/f7649394/liblwjgl.dylib
Event: 7.834 Loaded shared library /private/var/folders/qr/_f9w60kn3xb_2p2pjzjm_7dr0000gn/T/libgdxcoelho/f7649394/liblwjgl.dylib
Event: 7.834 Loaded shared library /private/var/folders/qr/_f9w60kn3xb_2p2pjzjm_7dr0000gn/T/libgdxcoelho/f7649394/liblwjgl.dylib
Event: 7.835 Loaded shared library /private/var/folders/qr/_f9w60kn3xb_2p2pjzjm_7dr0000gn/T/libgdxcoelho/f7649394/liblwjgl.dylib
Event: 7.837 Loaded shared library /private/var/folders/qr/_f9w60kn3xb_2p2pjzjm_7dr0000gn/T/libgdxcoelho/f7649394/liblwjgl.dylib


Dynamic libraries:
0x00007fff6672f000 	/usr/lib/libz.1.dylib
0x0000000106aca000 	/Library/Java/JavaVirtualMachines/openjdk-13.jdk/Contents/Home/lib/libjli.dylib
0x00007fff3a89e000 	/System/Library/Frameworks/Cocoa.framework/Versions/A/Cocoa
0x00007fff46641000 	/System/Library/Frameworks/Security.framework/Versions/A/Security
0x00007fff39531000 	/System/Library/Frameworks/ApplicationServices.framework/Versions/A/ApplicationServices
0x00007fff64089000 	/usr/lib/libSystem.B.dylib
0x00007fff66f25000 	/usr/lib/system/libcache.dylib
0x00007fff66f2a000 	/usr/lib/system/libcommonCrypto.dylib
0x00007fff66f35000 	/usr/lib/system/libcompiler_rt.dylib
0x00007fff66f3d000 	/usr/lib/system/libcopyfile.dylib
0x00007fff66f47000 	/usr/lib/system/libcorecrypto.dylib
0x00007fff67052000 	/usr/lib/system/libdispatch.dylib
0x00007fff6708c000 	/usr/lib/system/libdyld.dylib
0x00007fff670b9000 	/usr/lib/system/libkeymgr.dylib
0x00007fff670c7000 	/usr/lib/system/liblaunch.dylib
0x00007fff670c8000 	/usr/lib/system/libmacho.dylib
0x00007fff670ce000 	/usr/lib/system/libquarantine.dylib
0x00007fff670d1000 	/usr/lib/system/libremovefile.dylib
0x00007fff670d3000 	/usr/lib/system/libsystem_asl.dylib
0x00007fff670eb000 	/usr/lib/system/libsystem_blocks.dylib
0x00007fff670ec000 	/usr/lib/system/libsystem_c.dylib
0x00007fff67174000 	/usr/lib/system/libsystem_configuration.dylib
0x00007fff67178000 	/usr/lib/system/libsystem_coreservices.dylib
0x00007fff6717c000 	/usr/lib/system/libsystem_darwin.dylib
0x00007fff67183000 	/usr/lib/system/libsystem_dnssd.dylib
0x00007fff6718a000 	/usr/lib/system/libsystem_info.dylib
0x00007fff671ff000 	/usr/lib/system/libsystem_m.dylib
0x00007fff6724b000 	/usr/lib/system/libsystem_malloc.dylib
0x00007fff67276000 	/usr/lib/system/libsystem_networkextension.dylib
0x00007fff67281000 	/usr/lib/system/libsystem_notify.dylib
0x00007fff6729e000 	/usr/lib/system/libsystem_sandbox.dylib
0x00007fff672a2000 	/usr/lib/system/libsystem_secinit.dylib
0x00007fff671d6000 	/usr/lib/system/libsystem_kernel.dylib
0x00007fff67289000 	/usr/lib/system/libsystem_platform.dylib
0x00007fff67293000 	/usr/lib/system/libsystem_pthread.dylib
0x00007fff672a5000 	/usr/lib/system/libsystem_symptoms.dylib
0x00007fff672ad000 	/usr/lib/system/libsystem_trace.dylib
0x00007fff672c4000 	/usr/lib/system/libunwind.dylib
0x00007fff672ca000 	/usr/lib/system/libxpc.dylib
0x00007fff658c0000 	/usr/lib/libobjc.A.dylib
0x00007fff64320000 	/usr/lib/libc++abi.dylib
0x00007fff642cc000 	/usr/lib/libc++.1.dylib
0x00007fff3b113000 	/System/Library/Frameworks/CoreFoundation.framework/Versions/A/CoreFoundation
0x00007fff3d395000 	/System/Library/Frameworks/Foundation.framework/Versions/C/Foundation
0x00007fff3872a000 	/System/Library/Frameworks/AppKit.framework/Versions/C/AppKit
0x00007fff3ac9c000 	/System/Library/Frameworks/CoreData.framework/Versions/A/CoreData
0x00007fff5db4f000 	/System/Library/PrivateFrameworks/RemoteViewServices.framework/Versions/A/RemoteViewServices
0x00007fff61dc6000 	/System/Library/PrivateFrameworks/UIFoundation.framework/Versions/A/UIFoundation
0x00007fff634aa000 	/System/Library/PrivateFrameworks/XCTTargetBootstrap.framework/Versions/A/XCTTargetBootstrap
0x00007fff3b022000 	/System/Library/Frameworks/CoreDisplay.framework/Versions/A/CoreDisplay
0x00007fff58889000 	/System/Library/PrivateFrameworks/IconServices.framework/Versions/A/IconServices
0x00007fff3fcb6000 	/System/Library/Frameworks/Metal.framework/Versions/A/Metal
0x00007fff4fdcc000 	/System/Library/PrivateFrameworks/DesktopServicesPriv.framework/Versions/A/DesktopServicesPriv
0x00007fff64c23000 	/usr/lib/libenergytrace.dylib
0x00007fff602ad000 	/System/Library/PrivateFrameworks/SkyLight.framework/Versions/A/SkyLight
0x00007fff3b559000 	/System/Library/Frameworks/CoreGraphics.framework/Versions/A/CoreGraphics
0x00007fff374f6000 	/System/Library/Frameworks/Accelerate.framework/Versions/A/Accelerate
0x00007fff3dade000 	/System/Library/Frameworks/IOSurface.framework/Versions/A/IOSurface
0x00007fff4fc38000 	/System/Library/PrivateFrameworks/DFRFoundation.framework/Versions/A/DFRFoundation
0x00007fff39a14000 	/System/Library/Frameworks/AudioToolbox.framework/Versions/A/AudioToolbox
0x00007fff39c8d000 	/System/Library/Frameworks/AudioUnit.framework/Versions/A/AudioUnit
0x00007fff4fccd000 	/System/Library/PrivateFrameworks/DataDetectorsCore.framework/Versions/A/DataDetectorsCore
0x00007fff3a3a1000 	/System/Library/Frameworks/Carbon.framework/Versions/A/Frameworks/HIToolbox.framework/Versions/A/HIToolbox
0x00007fff64d7c000 	/usr/lib/libicucore.A.dylib
0x00007fff45bb5000 	/System/Library/Frameworks/QuartzCore.framework/Versions/A/QuartzCore
0x00007fff3a776000 	/System/Library/Frameworks/Carbon.framework/Versions/A/Frameworks/SpeechRecognition.framework/Versions/A/SpeechRecognition
0x00007fff641dd000 	/usr/lib/libauto.dylib
0x00007fff66623000 	/usr/lib/libxml2.2.dylib
0x00007fff4f813000 	/System/Library/PrivateFrameworks/CoreUI.framework/Versions/A/CoreUI
0x00007fff3ab87000 	/System/Library/Frameworks/CoreAudio.framework/Versions/A/CoreAudio
0x00007fff3d1ca000 	/System/Library/Frameworks/DiskArbitration.framework/Versions/A/DiskArbitration
0x00007fff6502a000 	/usr/lib/liblangid.dylib
0x00007fff59c94000 	/System/Library/PrivateFrameworks/MultitouchSupport.framework/Versions/A/MultitouchSupport
0x00007fff3da4d000 	/System/Library/Frameworks/IOKit.framework/Versions/A/IOKit
0x00007fff63c49000 	/usr/lib/libDiagnosticMessagesClient.dylib
0x00007fff3c368000 	/System/Library/Frameworks/CoreServices.framework/Versions/A/CoreServices
0x00007fff5b94e000 	/System/Library/PrivateFrameworks/PerformanceAnalysis.framework/Versions/A/PerformanceAnalysis
0x00007fff44da3000 	/System/Library/Frameworks/OpenGL.framework/Versions/A/OpenGL
0x00007fff3a8ac000 	/System/Library/Frameworks/ColorSync.framework/Versions/A/ColorSync
0x00007fff3bbea000 	/System/Library/Frameworks/CoreImage.framework/Versions/A/CoreImage
0x00007fff3cd40000 	/System/Library/Frameworks/CoreText.framework/Versions/A/CoreText
0x00007fff3db41000 	/System/Library/Frameworks/ImageIO.framework/Versions/A/ImageIO
0x00007fff4be65000 	/System/Library/PrivateFrameworks/Backup.framework/Versions/A/Backup
0x00007fff64130000 	/usr/lib/libarchive.2.dylib
0x00007fff39fe6000 	/System/Library/Frameworks/CFNetwork.framework/Versions/A/CFNetwork
0x00007fff46d9d000 	/System/Library/Frameworks/SystemConfiguration.framework/Versions/A/SystemConfiguration
0x00007fff63b7a000 	/usr/lib/libCRFSuite.dylib
0x00007fff642ad000 	/usr/lib/libbsm.0.dylib
0x00007fff670ba000 	/usr/lib/system/libkxld.dylib
0x00007fff4b256000 	/System/Library/PrivateFrameworks/AppleFSCompression.framework/Versions/A/AppleFSCompression
0x00007fff63f49000 	/usr/lib/libOpenScriptingUtil.dylib
0x00007fff645d5000 	/usr/lib/libcoretls.dylib
0x00007fff645ec000 	/usr/lib/libcoretls_cfhelpers.dylib
0x00007fff66057000 	/usr/lib/libpam.2.dylib
0x00007fff66217000 	/usr/lib/libsqlite3.dylib
0x00007fff66611000 	/usr/lib/libxar.1.dylib
0x00007fff642be000 	/usr/lib/libbz2.1.0.dylib
0x00007fff6502c000 	/usr/lib/liblzma.5.dylib
0x00007fff654dd000 	/usr/lib/libnetwork.dylib
0x00007fff64119000 	/usr/lib/libapple_nghttp2.dylib
0x00007fff6605e000 	/usr/lib/libpcap.A.dylib
0x00007fff3c707000 	/System/Library/Frameworks/CoreServices.framework/Versions/A/Frameworks/FSEvents.framework/Versions/A/FSEvents
0x00007fff3c3e6000 	/System/Library/Frameworks/CoreServices.framework/Versions/A/Frameworks/CarbonCore.framework/Versions/A/CarbonCore
0x00007fff3c8c2000 	/System/Library/Frameworks/CoreServices.framework/Versions/A/Frameworks/Metadata.framework/Versions/A/Metadata
0x00007fff3c961000 	/System/Library/Frameworks/CoreServices.framework/Versions/A/Frameworks/OSServices.framework/Versions/A/OSServices
0x00007fff3c9ac000 	/System/Library/Frameworks/CoreServices.framework/Versions/A/Frameworks/SearchKit.framework/Versions/A/SearchKit
0x00007fff3c369000 	/System/Library/Frameworks/CoreServices.framework/Versions/A/Frameworks/AE.framework/Versions/A/AE
0x00007fff3c710000 	/System/Library/Frameworks/CoreServices.framework/Versions/A/Frameworks/LaunchServices.framework/Versions/A/LaunchServices
0x00007fff3c6be000 	/System/Library/Frameworks/CoreServices.framework/Versions/A/Frameworks/DictionaryServices.framework/Versions/A/DictionaryServices
0x00007fff3ca14000 	/System/Library/Frameworks/CoreServices.framework/Versions/A/Frameworks/SharedFileList.framework/Versions/A/SharedFileList
0x00007fff40d7e000 	/System/Library/Frameworks/NetFS.framework/Versions/A/NetFS
0x00007fff59efa000 	/System/Library/PrivateFrameworks/NetAuth.framework/Versions/A/NetAuth
0x00007fff638ae000 	/System/Library/PrivateFrameworks/login.framework/Versions/A/Frameworks/loginsupport.framework/Versions/A/loginsupport
0x00007fff619cf000 	/System/Library/PrivateFrameworks/TCC.framework/Versions/A/TCC
0x00007fff4ee70000 	/System/Library/PrivateFrameworks/CoreNLP.framework/Versions/A/CoreNLP
0x00007fff5998f000 	/System/Library/PrivateFrameworks/MetadataUtilities.framework/Versions/A/MetadataUtilities
0x00007fff65101000 	/usr/lib/libmecabra.dylib
0x00007fff39532000 	/System/Library/Frameworks/ApplicationServices.framework/Versions/A/Frameworks/ATS.framework/Versions/A/ATS
0x00007fff39881000 	/System/Library/Frameworks/ApplicationServices.framework/Versions/A/Frameworks/ColorSyncLegacy.framework/Versions/A/ColorSyncLegacy
0x00007fff39920000 	/System/Library/Frameworks/ApplicationServices.framework/Versions/A/Frameworks/HIServices.framework/Versions/A/HIServices
0x00007fff39973000 	/System/Library/Frameworks/ApplicationServices.framework/Versions/A/Frameworks/LangAnalysis.framework/Versions/A/LangAnalysis
0x00007fff39983000 	/System/Library/Frameworks/ApplicationServices.framework/Versions/A/Frameworks/PrintCore.framework/Versions/A/PrintCore
0x00007fff399cd000 	/System/Library/Frameworks/ApplicationServices.framework/Versions/A/Frameworks/QD.framework/Versions/A/QD
0x00007fff39a07000 	/System/Library/Frameworks/ApplicationServices.framework/Versions/A/Frameworks/SpeechSynthesis.framework/Versions/A/SpeechSynthesis
0x00007fff64348000 	/usr/lib/libcompression.dylib
0x00007fff3ff86000 	/System/Library/Frameworks/MetalPerformanceShaders.framework/Versions/A/MetalPerformanceShaders
0x00007fff3750e000 	/System/Library/Frameworks/Accelerate.framework/Versions/A/Frameworks/vImage.framework/Versions/A/vImage
0x00007fff38588000 	/System/Library/Frameworks/Accelerate.framework/Versions/A/Frameworks/vecLib.framework/Versions/A/vecLib
0x00007fff384d4000 	/System/Library/Frameworks/Accelerate.framework/Versions/A/Frameworks/vecLib.framework/Versions/A/libvMisc.dylib
0x00007fff382ec000 	/System/Library/Frameworks/Accelerate.framework/Versions/A/Frameworks/vecLib.framework/Versions/A/libvDSP.dylib
0x00007fff37ba8000 	/System/Library/Frameworks/Accelerate.framework/Versions/A/Frameworks/vecLib.framework/Versions/A/libBLAS.dylib
0x00007fff37e95000 	/System/Library/Frameworks/Accelerate.framework/Versions/A/Frameworks/vecLib.framework/Versions/A/libLAPACK.dylib
0x00007fff3823f000 	/System/Library/Frameworks/Accelerate.framework/Versions/A/Frameworks/vecLib.framework/Versions/A/libLinearAlgebra.dylib
0x00007fff382d8000 	/System/Library/Frameworks/Accelerate.framework/Versions/A/Frameworks/vecLib.framework/Versions/A/libSparseBLAS.dylib
0x00007fff38255000 	/System/Library/Frameworks/Accelerate.framework/Versions/A/Frameworks/vecLib.framework/Versions/A/libQuadrature.dylib
0x00007fff37e22000 	/System/Library/Frameworks/Accelerate.framework/Versions/A/Frameworks/vecLib.framework/Versions/A/libBNNS.dylib
0x00007fff3825b000 	/System/Library/Frameworks/Accelerate.framework/Versions/A/Frameworks/vecLib.framework/Versions/A/libSparse.dylib
0x00007fff561be000 	/System/Library/PrivateFrameworks/GPUWrangler.framework/Versions/A/GPUWrangler
0x00007fff584be000 	/System/Library/PrivateFrameworks/IOAccelerator.framework/Versions/A/IOAccelerator
0x00007fff584c9000 	/System/Library/PrivateFrameworks/IOPresentment.framework/Versions/A/IOPresentment
0x00007fff4fc48000 	/System/Library/PrivateFrameworks/DSExternalDisplay.framework/Versions/A/DSExternalDisplay
0x00007fff441fa000 	/System/Library/Frameworks/OpenGL.framework/Versions/A/Libraries/libCoreFSCache.dylib
0x00007fff3fd7a000 	/System/Library/Frameworks/MetalPerformanceShaders.framework/Frameworks/MPSCore.framework/Versions/A/MPSCore
0x00007fff3fd9a000 	/System/Library/Frameworks/MetalPerformanceShaders.framework/Frameworks/MPSImage.framework/Versions/A/MPSImage
0x00007fff3fe3f000 	/System/Library/Frameworks/MetalPerformanceShaders.framework/Frameworks/MPSNeuralNetwork.framework/Versions/A/MPSNeuralNetwork
0x00007fff3fe17000 	/System/Library/Frameworks/MetalPerformanceShaders.framework/Frameworks/MPSMatrix.framework/Versions/A/MPSMatrix
0x00007fff3ff6b000 	/System/Library/Frameworks/MetalPerformanceShaders.framework/Frameworks/MPSRayIntersector.framework/Versions/A/MPSRayIntersector
0x00007fff599b8000 	/System/Library/PrivateFrameworks/MetalTools.framework/Versions/A/MetalTools
0x00007fff4ab00000 	/System/Library/PrivateFrameworks/AggregateDictionary.framework/Versions/A/AggregateDictionary
0x00007fff63f29000 	/usr/lib/libMobileGestalt.dylib
0x00007fff3cea3000 	/System/Library/Frameworks/CoreVideo.framework/Versions/A/CoreVideo
0x00007fff56fcf000 	/System/Library/PrivateFrameworks/GraphVisualizer.framework/Versions/A/GraphVisualizer
0x00007fff50e4e000 	/System/Library/PrivateFrameworks/FaceCore.framework/Versions/A/FaceCore
0x00007fff43828000 	/System/Library/Frameworks/OpenCL.framework/Versions/A/OpenCL
0x00007fff63c81000 	/usr/lib/libFosl_dynamic.dylib
0x00007fff5a765000 	/System/Library/PrivateFrameworks/OTSVG.framework/Versions/A/OTSVG
0x00007fff39636000 	/System/Library/Frameworks/ApplicationServices.framework/Versions/A/Frameworks/ATS.framework/Versions/A/Resources/libFontParser.dylib
0x00007fff3974e000 	/System/Library/Frameworks/ApplicationServices.framework/Versions/A/Frameworks/ATS.framework/Versions/A/Resources/libFontRegistry.dylib
0x00007fff3ddaf000 	/System/Library/Frameworks/ImageIO.framework/Versions/A/Resources/libJPEG.dylib
0x00007fff3e0c1000 	/System/Library/Frameworks/ImageIO.framework/Versions/A/Resources/libTIFF.dylib
0x00007fff3e097000 	/System/Library/Frameworks/ImageIO.framework/Versions/A/Resources/libPng.dylib
0x00007fff3dccd000 	/System/Library/Frameworks/ImageIO.framework/Versions/A/Resources/libGIF.dylib
0x00007fff3dcd2000 	/System/Library/Frameworks/ImageIO.framework/Versions/A/Resources/libJP2.dylib
0x00007fff3e0be000 	/System/Library/Frameworks/ImageIO.framework/Versions/A/Resources/libRadiance.dylib
0x00007fff4b3ad000 	/System/Library/PrivateFrameworks/AppleJPEG.framework/Versions/A/AppleJPEG
0x00007fff44205000 	/System/Library/Frameworks/OpenGL.framework/Versions/A/Libraries/libGFXShared.dylib
0x00007fff443c8000 	/System/Library/Frameworks/OpenGL.framework/Versions/A/Libraries/libGLU.dylib
0x00007fff4420e000 	/System/Library/Frameworks/OpenGL.framework/Versions/A/Libraries/libGL.dylib
0x00007fff4421a000 	/System/Library/Frameworks/OpenGL.framework/Versions/A/Libraries/libGLImage.dylib
0x00007fff441f7000 	/System/Library/Frameworks/OpenGL.framework/Versions/A/Libraries/libCVMSPluginSupport.dylib
0x00007fff44200000 	/System/Library/Frameworks/OpenGL.framework/Versions/A/Libraries/libCoreVMClient.dylib
0x00007fff64a99000 	/usr/lib/libcups.2.dylib
0x00007fff3f281000 	/System/Library/Frameworks/Kerberos.framework/Versions/A/Kerberos
0x00007fff3d7b1000 	/System/Library/Frameworks/GSS.framework/Versions/A/GSS
0x00007fff661ac000 	/usr/lib/libresolv.9.dylib
0x00007fff64c8b000 	/usr/lib/libiconv.2.dylib
0x00007fff57144000 	/System/Library/PrivateFrameworks/Heimdal.framework/Versions/A/Heimdal
0x00007fff64c5b000 	/usr/lib/libheimdal-asn1.dylib
0x00007fff4389c000 	/System/Library/Frameworks/OpenDirectory.framework/Versions/A/OpenDirectory
0x00007fff4dbd3000 	/System/Library/PrivateFrameworks/CommonAuth.framework/Versions/A/CommonAuth
0x00007fff43880000 	/System/Library/Frameworks/OpenDirectory.framework/Versions/A/Frameworks/CFOpenDirectory.framework/Versions/A/CFOpenDirectory
0x00007fff46942000 	/System/Library/Frameworks/SecurityFoundation.framework/Versions/A/SecurityFoundation
0x00007fff4a046000 	/System/Library/PrivateFrameworks/APFS.framework/Versions/A/APFS
0x00007fff6660d000 	/usr/lib/libutil.dylib
0x00007fff64336000 	/usr/lib/libcharset.1.dylib
0x00007fff4b64a000 	/System/Library/PrivateFrameworks/AppleSauce.framework/Versions/A/AppleSauce
0x00007fff4b7cb000 	/System/Library/PrivateFrameworks/AssertionServices.framework/Versions/A/AssertionServices
0x00007fff4befb000 	/System/Library/PrivateFrameworks/BaseBoard.framework/Versions/A/BaseBoard
0x00007fff6505c000 	/usr/lib/libmecab.1.0.0.dylib
0x00007fff64c55000 	/usr/lib/libgermantok.dylib
0x00007fff64106000 	/usr/lib/libThaiTokenizer.dylib
0x00007fff63bb1000 	/usr/lib/libChineseTokenizer.dylib
0x00007fff58b76000 	/System/Library/PrivateFrameworks/LanguageModeling.framework/Versions/A/LanguageModeling
0x00007fff4e8b5000 	/System/Library/PrivateFrameworks/CoreEmoji.framework/Versions/A/CoreEmoji
0x00007fff58c52000 	/System/Library/PrivateFrameworks/Lexicon.framework/Versions/A/Lexicon
0x00007fff58c95000 	/System/Library/PrivateFrameworks/LinguisticData.framework/Versions/A/LinguisticData
0x00007fff64337000 	/usr/lib/libcmph.dylib
0x00007fff46a00000 	/System/Library/Frameworks/ServiceManagement.framework/Versions/A/ServiceManagement
0x00007fff4be5c000 	/System/Library/PrivateFrameworks/BackgroundTaskManagement.framework/Versions/A/BackgroundTaskManagement
0x00007fff66706000 	/usr/lib/libxslt.1.dylib
0x00007fff3a6a3000 	/System/Library/Frameworks/Carbon.framework/Versions/A/Frameworks/Ink.framework/Versions/A/Ink
0x00007fff61c41000 	/System/Library/PrivateFrameworks/TextureIO.framework/Versions/A/TextureIO
0x00007fff6415a000 	/usr/lib/libate.dylib
0x00007fff4fb97000 	/System/Library/PrivateFrameworks/CrashReporterSupport.framework/Versions/A/CrashReporterSupport
0x00007fff5f37b000 	/System/Library/PrivateFrameworks/Sharing.framework/Versions/A/Sharing
0x00007fff4bbae000 	/System/Library/PrivateFrameworks/AuthKit.framework/Versions/A/AuthKit
0x00007fff4b102000 	/System/Library/PrivateFrameworks/Apple80211.framework/Versions/A/Apple80211
0x00007fff4f93f000 	/System/Library/PrivateFrameworks/CoreUtils.framework/Versions/A/CoreUtils
0x00007fff3cee4000 	/System/Library/Frameworks/CoreWLAN.framework/Versions/A/CoreWLAN
0x00007fff3d8e0000 	/System/Library/Frameworks/IOBluetooth.framework/Versions/A/IOBluetooth
0x00007fff5d7ef000 	/System/Library/PrivateFrameworks/ProtocolBuffer.framework/Versions/A/ProtocolBuffer
0x00007fff59bf0000 	/System/Library/PrivateFrameworks/MobileKeyBag.framework/Versions/A/MobileKeyBag
0x00007fff4f183000 	/System/Library/PrivateFrameworks/CorePhoneNumbers.framework/Versions/A/CorePhoneNumbers
0x00007fff4b361000 	/System/Library/PrivateFrameworks/AppleIDAuthSupport.framework/Versions/A/AppleIDAuthSupport
0x00007fff58b49000 	/System/Library/PrivateFrameworks/KeychainCircle.framework/Versions/A/KeychainCircle
0x00007fff5d9a5000 	/System/Library/PrivateFrameworks/ROCKit.framework/Versions/A/ROCKit
0x00007fff4fb33000 	/System/Library/PrivateFrameworks/CoreWiFi.framework/Versions/A/CoreWiFi
0x00007fff3ac71000 	/System/Library/Frameworks/CoreBluetooth.framework/Versions/A/CoreBluetooth
0x00007fff4fd8e000 	/System/Library/PrivateFrameworks/DebugSymbols.framework/Versions/A/DebugSymbols
0x00007fff4f6ff000 	/System/Library/PrivateFrameworks/CoreSymbolication.framework/Versions/A/CoreSymbolication
0x00007fff6145c000 	/System/Library/PrivateFrameworks/Symbolication.framework/Versions/A/Symbolication
0x00007fff60cff000 	/System/Library/PrivateFrameworks/SpeechRecognitionCore.framework/Versions/A/SpeechRecognitionCore
0x0000000106aef000 	/Library/Java/JavaVirtualMachines/openjdk-13.jdk/Contents/Home/lib/server/libjvm.dylib
0x00000001078d0000 	/Library/Java/JavaVirtualMachines/openjdk-13.jdk/Contents/Home/lib/libverify.dylib
0x00000001078dc000 	/Library/Java/JavaVirtualMachines/openjdk-13.jdk/Contents/Home/lib/libjava.dylib
0x0000000107960000 	/Library/Java/JavaVirtualMachines/openjdk-13.jdk/Contents/Home/lib/libzip.dylib
0x0000000107967000 	/Library/Java/JavaVirtualMachines/openjdk-13.jdk/Contents/Home/lib/libjimage.dylib
0x000000010b92b000 	/Library/Java/JavaVirtualMachines/openjdk-13.jdk/Contents/Home/lib/libnio.dylib
0x000000010b939000 	/Library/Java/JavaVirtualMachines/openjdk-13.jdk/Contents/Home/lib/./libnet.dylib
0x000000010b9f0000 	/private/var/folders/qr/_f9w60kn3xb_2p2pjzjm_7dr0000gn/T/libgdxcoelho/78f2b00f/libgdx64.dylib
0x00007fff664e8000 	/usr/lib/libstdc++.6.dylib
0x000000010ba7a000 	/Library/Java/JavaVirtualMachines/openjdk-13.jdk/Contents/Home/lib/libawt.dylib
0x000000010bb10000 	/Library/Java/JavaVirtualMachines/openjdk-13.jdk/Contents/Home/lib/./libmlib_image.dylib
0x00007fff3f26a000 	/System/Library/Frameworks/JavaVM.framework/Versions/A/Frameworks/JavaNativeFoundation.framework/Versions/A/JavaNativeFoundation
0x00007fff3f273000 	/System/Library/Frameworks/JavaVM.framework/Versions/A/Frameworks/JavaRuntimeSupport.framework/Versions/A/JavaRuntimeSupport
0x00007fff3f27c000 	/System/Library/Frameworks/JavaVM.framework/Versions/A/JavaVM
0x00007fff58a68000 	/System/Library/PrivateFrameworks/JavaLaunching.framework/Versions/A/JavaLaunching
0x00007fff3a39c000 	/System/Library/Frameworks/Carbon.framework/Versions/A/Carbon
0x00007fff3a39d000 	/System/Library/Frameworks/Carbon.framework/Versions/A/Frameworks/CommonPanels.framework/Versions/A/CommonPanels
0x00007fff3a699000 	/System/Library/Frameworks/Carbon.framework/Versions/A/Frameworks/Help.framework/Versions/A/Help
0x00007fff3a69d000 	/System/Library/Frameworks/Carbon.framework/Versions/A/Frameworks/ImageCapture.framework/Versions/A/ImageCapture
0x00007fff3a739000 	/System/Library/Frameworks/Carbon.framework/Versions/A/Frameworks/OpenScripting.framework/Versions/A/OpenScripting
0x00007fff3a771000 	/System/Library/Frameworks/Carbon.framework/Versions/A/Frameworks/Print.framework/Versions/A/Print
0x00007fff3a773000 	/System/Library/Frameworks/Carbon.framework/Versions/A/Frameworks/SecurityHI.framework/Versions/A/SecurityHI
0x000000010bb76000 	/Library/Java/JavaVirtualMachines/openjdk-13.jdk/Contents/Home/lib/libawt_lwawt.dylib
0x000000010bc20000 	/Library/Java/JavaVirtualMachines/openjdk-13.jdk/Contents/Home/lib/./libosxapp.dylib
0x00007fff3d36e000 	/System/Library/Frameworks/ExceptionHandling.framework/Versions/A/ExceptionHandling
0x0000000127a77000 	/Library/Java/JavaVirtualMachines/openjdk-13.jdk/Contents/Home/lib/libfontmanager.dylib
0x000000010bc42000 	/Library/Java/JavaVirtualMachines/openjdk-13.jdk/Contents/Home/lib/./libfreetype.dylib
0x00007fff4f307000 	/System/Library/PrivateFrameworks/CoreServicesInternal.framework/Versions/A/CoreServicesInternal
0x00007fff2f874000 	/System/Library/CoreServices/RawCamera.bundle/Contents/MacOS/RawCamera
0x00007fff59a5c000 	/System/Library/PrivateFrameworks/MobileAsset.framework/Versions/A/MobileAsset
0x00007fff613aa000 	/System/Library/PrivateFrameworks/StreamingZip.framework/Versions/A/StreamingZip
0x00007fff3f60e000 	/System/Library/Frameworks/MediaToolbox.framework/Versions/A/MediaToolbox
0x00007fff4e459000 	/System/Library/PrivateFrameworks/CoreAVCHD.framework/Versions/A/CoreAVCHD
0x00007fff3f554000 	/System/Library/Frameworks/MediaAccessibility.framework/Versions/A/MediaAccessibility
0x00007fff594b8000 	/System/Library/PrivateFrameworks/Mangrove.framework/Versions/A/Mangrove
0x00007fff3c207000 	/System/Library/Frameworks/CoreMedia.framework/Versions/A/CoreMedia
0x00007fff47069000 	/System/Library/Frameworks/VideoToolbox.framework/Versions/A/VideoToolbox
0x00007fff4e075000 	/System/Library/PrivateFrameworks/CoreAUC.framework/Versions/A/CoreAUC
0x00007fff66215000 	/usr/lib/libspindump.dylib
0x00007fff4b730000 	/System/Library/PrivateFrameworks/AppleVA.framework/Versions/A/AppleVA
0x00007fff374f7000 	/System/Library/Frameworks/Accelerate.framework/Versions/A/Frameworks/vImage.framework/Versions/A/Libraries/libCGInterfaces.dylib
0x00007fff397ea000 	/System/Library/Frameworks/ApplicationServices.framework/Versions/A/Frameworks/ATS.framework/Versions/A/Resources/libTrueTypeScaler.dylib
0x00007fff357bf000 	/System/Library/Extensions/AppleIntelSKLGraphicsMTLDriver.bundle/Contents/MacOS/AppleIntelSKLGraphicsMTLDriver
0x00007fff54b1d000 	/System/Library/PrivateFrameworks/GPUCompiler.framework/Versions/3902/Libraries/libmetal_timestamp.dylib
0x00007fff62bf9000 	/System/Library/PrivateFrameworks/ViewBridge.framework/Versions/A/ViewBridge
0x00000001299d6000 	/usr/lib/libobjc-trampolines.dylib
0x000000012b3c6000 	/private/var/folders/qr/_f9w60kn3xb_2p2pjzjm_7dr0000gn/T/libgdxcoelho/f7649394/liblwjgl.dylib
0x000000012b2a7000 	/Library/Java/JavaVirtualMachines/openjdk-13.jdk/Contents/Home/lib/libjawt.dylib
0x000000012b2aa000 	/var/folders/qr/_f9w60kn3xb_2p2pjzjm_7dr0000gn/T/libgdxcoelho/f7649394/openal.dylib
0x000000012cd23000 	/System/Library/Components/CoreAudio.component/Contents/MacOS/CoreAudio
0x000000012b46f000 	/System/Library/Extensions/AppleHDA.kext/Contents/PlugIns/AppleHDAHALPlugIn.bundle/Contents/MacOS/AppleHDAHALPlugIn
0x00007fff44db3000 	/System/Library/Frameworks/OpenGL.framework/Versions/A/Resources/GLEngine.bundle/GLEngine
0x00007fff44255000 	/System/Library/Frameworks/OpenGL.framework/Versions/A/Libraries/libGLProgrammability.dylib
0x00007fff349ea000 	/System/Library/Extensions/AppleIntelSKLGraphicsGLDriver.bundle/Contents/MacOS/AppleIntelSKLGraphicsGLDriver
0x00007fff561b2000 	/System/Library/PrivateFrameworks/GPUSupport.framework/Versions/A/Libraries/libGPUSupportMercury.dylib
0x00007fff44f4b000 	/System/Library/Frameworks/OpenGL.framework/Versions/A/Resources/GLRendererFloat.bundle/GLRendererFloat
0x00007fff4381f000 	/System/Library/Frameworks/OpenCL.framework/Versions/A/Libraries/libcldcpuengine.dylib
0x00007fff6478b000 	/usr/lib/libcrypto.35.dylib
0x00007fff61dbf000 	/System/Library/PrivateFrameworks/TrustEvaluationAgent.framework/Versions/A/TrustEvaluationAgent


VM Arguments:
jvm_args: -Dfile.encoding=UTF-8 -Duser.country=BR -Duser.language=pt -Duser.variant 
java_command: com.mygdx.game.desktop.DesktopLauncher
java_class_path (initial): /Users/coelho/Desktop/LibGDX - Tiled Map/desktop/build/classes/java/main:/Users/coelho/Desktop/LibGDX - Tiled Map/desktop/build/resources/main:/Users/coelho/.gradle/caches/modules-2/files-2.1/com.badlogicgames.gdx/gdx-backend-lwjgl/1.9.10/8f88abd43500d94c486d25f04d642318da72773a/gdx-backend-lwjgl-1.9.10.jar:/Users/coelho/.gradle/caches/modules-2/files-2.1/com.badlogicgames.gdx/gdx-platform/1.9.10/1907b49f8363dd1ee37d273854a9cc3c741a6e66/gdx-platform-1.9.10-natives-desktop.jar:/Users/coelho/.gradle/caches/modules-2/files-2.1/com.badlogicgames.gdx/gdx-box2d-platform/1.9.10/91b19c283b24eec646a18e0e7b940c829920df4f/gdx-box2d-platform-1.9.10-natives-desktop.jar:/Users/coelho/Desktop/LibGDX - Tiled Map/core/build/libs/core-1.0.jar:/Users/coelho/.gradle/caches/modules-2/files-2.1/com.badlogicgames.gdx/gdx-box2d/1.9.10/d68a7a3484d47529a8d23cd467579eb098b38a9e/gdx-box2d-1.9.10.jar:/Users/coelho/.gradle/caches/modules-2/files-2.1/com.badlogicgames.gdx/gdx/1.9.10/79d9ad27bd5e3eb18c9ade61d3a27d7237695d53/gdx-1.9.10.jar:/Users/coelho/.gradle/caches/modules-2/files-2.1/org.lwjgl.lwjgl/lwjgl_util/2.9.3/751f06b62424da056954c67288fd5c494431e350/lwjgl_util-2.9.3.jar:/Users/coelho/.gradle/caches/modules-2/files-2.1/org.lwjgl.lwjgl/lwjgl/2.9.3/3df168ac74e4a8c96562cdff24ad352e255bf89c/lwjgl-2.9.3.jar:/Users/coelho/.gradle/caches/modules-2/files-2.1/com.badlogicgames.jlayer/jlayer/1.0.1-gdx/7cca83cec5c1b2f011362f4d85aabd71a73b049d/jlayer-1.0.1-gdx.jar:/Users/coelho/.gradle/caches/modules-2/files-2.1/org.jcraft/jorbis/0.0.17/8872d22b293e8f5d7d56ff92be966e6dc28ebdc6/jorbis-0.0.17.jar:/Users/coelho/.gradle/caches/modules-2/files-2.1/org.lwjgl.lwjgl/lwjgl-platform/2.9.3/fbc2afb3e288578e9942578decb6291a490549a0/lwjgl-platform-2.9.3-natives-windows.jar:/Users/coelho/.gradle/caches/modules-2/files-2.1/org.lwjgl.lwjgl/lwjgl-platform/2.9.3/b1eafe80093381c56415731e1d64279e6140bcd0/lwjgl-platform-2.9.3-natives-linux.jar:/Users/coelho/.gradle/caches/modules-2/files-2.1/o
Launcher Type: SUN_STANDARD

[Global flags]
     intx CICompilerCount                          = 3                                         {product} {ergonomic}
     uint ConcGCThreads                            = 1                                         {product} {ergonomic}
     uint G1ConcRefinementThreads                  = 4                                         {product} {ergonomic}
   size_t G1HeapRegionSize                         = 1048576                                   {product} {ergonomic}
    uintx GCDrainStackTargetSize                   = 64                                        {product} {ergonomic}
   size_t InitialHeapSize                          = 134217728                                 {product} {ergonomic}
   size_t MarkStackSize                            = 4194304                                   {product} {ergonomic}
   size_t MaxHeapSize                              = 2147483648                                {product} {ergonomic}
   size_t MaxNewSize                               = 1287651328                                {product} {ergonomic}
   size_t MinHeapDeltaBytes                        = 1048576                                   {product} {ergonomic}
   size_t MinHeapSize                              = 8388608                                   {product} {ergonomic}
    uintx NonNMethodCodeHeapSize                   = 5830732                                {pd product} {ergonomic}
    uintx NonProfiledCodeHeapSize                  = 122913754                              {pd product} {ergonomic}
    uintx ProfiledCodeHeapSize                     = 122913754                              {pd product} {ergonomic}
    uintx ReservedCodeCacheSize                    = 251658240                              {pd product} {ergonomic}
     bool SegmentedCodeCache                       = true                                      {product} {ergonomic}
   size_t SoftMaxHeapSize                          = 2147483648                             {manageable} {ergonomic}
     bool UseCompressedClassPointers               = true                                 {lp64_product} {ergonomic}
     bool UseCompressedOops                        = true                                 {lp64_product} {ergonomic}
     bool UseG1GC                                  = true                                      {product} {ergonomic}

Logging:
Log output configuration:
 #0: stdout all=warning uptime,level,tags
 #1: stderr all=off uptime,level,tags

Environment Variables:
PATH=/usr/local/opt/ruby/bin:/usr/local/gcc-8.2/bin:/Library/Frameworks/Python.framework/Versions/3.6/bin:/usr/local/bin:/usr/bin:/bin:/usr/sbin:/sbin:/Applications/VMware Fusion.app/Contents/Public:/Library/TeX/texbin:/opt/X11/bin:/Applications/Wireshark.app/Contents/MacOS
SHELL=/bin/bash
DISPLAY=/private/tmp/com.apple.launchd.3wxgX9pFlE/org.macosforge.xquartz:0

Signal Handlers:
SIGSEGV: [libjvm.dylib+0x781590], sa_mask[0]=11111111011111110111111111111111, sa_flags=SA_ONSTACK|SA_RESTART|SA_SIGINFO
SIGBUS: [libjvm.dylib+0x781590], sa_mask[0]=11111111011111110111111111111111, sa_flags=SA_RESTART|SA_SIGINFO
SIGFPE: [libjvm.dylib+0x781590], sa_mask[0]=11111111011111110111111111111111, sa_flags=SA_RESTART|SA_SIGINFO
SIGPIPE: [libjvm.dylib+0x627f9d], sa_mask[0]=11111111011111110111111111111111, sa_flags=SA_RESTART|SA_SIGINFO
SIGXFSZ: [libjvm.dylib+0x627f9d], sa_mask[0]=11111111011111110111111111111111, sa_flags=SA_RESTART|SA_SIGINFO
SIGILL: [libjvm.dylib+0x781590], sa_mask[0]=11111111011111110111111111111111, sa_flags=SA_RESTART|SA_SIGINFO
SIGUSR2: [libjvm.dylib+0x628587], sa_mask[0]=00100000000000000000000000000000, sa_flags=SA_RESTART|SA_SIGINFO
SIGHUP: [libjvm.dylib+0x627575], sa_mask[0]=11111111011111110111111111111111, sa_flags=SA_RESTART|SA_SIGINFO
SIGINT: [libjvm.dylib+0x627575], sa_mask[0]=11111111011111110111111111111111, sa_flags=SA_RESTART|SA_SIGINFO
SIGTERM: [libjvm.dylib+0x627575], sa_mask[0]=11111111011111110111111111111111, sa_flags=SA_RESTART|SA_SIGINFO
SIGQUIT: [libjvm.dylib+0x627575], sa_mask[0]=11111111011111110111111111111111, sa_flags=SA_RESTART|SA_SIGINFO


---------------  S Y S T E M  ---------------

OS:uname:Darwin 18.7.0 Darwin Kernel Version 18.7.0: Tue Aug 20 16:57:14 PDT 2019; root:xnu-4903.271.2~2/RELEASE_X86_64 x86_64
rlimit: STACK 8192k, CORE 0k, NPROC 709, NOFILE 10240, AS infinity, DATA infinity, FSIZE infinity
load average:2.84 2.64 2.29

CPU:total 4 (initial active 4) (2 cores per cpu, 2 threads per core) family 6 model 78 stepping 3, cmov, cx8, fxsr, mmx, sse, sse2, sse3, ssse3, sse4.1, sse4.2, popcnt, avx, avx2, aes, clmul, erms, 3dnowpref, lzcnt, ht, tsc, tscinvbit, bmi1, bmi2, adx, fma

Memory: 4k page, physical 8388608k(62980k free), swap 0k(0k free)

vm_info: OpenJDK 64-Bit Server VM (13+33) for bsd-amd64 JRE (13+33), built on Aug  9 2019 10:15:27 by "mach5one" with clang 4.2.1 Compatible Apple LLVM 10.0.0 (clang-1000.11.45.5)

END.
